2023-02-04 11:21:11,048 [Worker-3: Loading available Gradle versions] INFO  o.e.b.c.i.u.g.PublishedGradleVersions - Gradle version information cache is up-to-date. Trying to read.
2023-02-12 08:22:21,617 [Worker-5: Loading available Gradle versions] INFO  o.e.b.c.i.u.g.PublishedGradleVersions - Gradle version information cache is out-of-date. Trying to update.
2023-02-14 10:53:22,715 [Worker-6: Loading available Gradle versions] INFO  o.e.b.c.i.u.g.PublishedGradleVersions - Gradle version information cache is out-of-date. Trying to update.
2023-02-14 11:12:13,521 [Worker-14: Building] INFO  o.e.m.c.i.embedder.EclipseLogger - Using 'UTF-8' encoding to copy filtered resources.
2023-02-14 11:12:13,524 [Worker-14: Building] INFO  o.e.m.c.i.embedder.EclipseLogger - Copying 2 resources
2023-02-14 11:12:13,544 [Worker-14: Building] INFO  o.e.m.c.i.embedder.EclipseLogger - Copying 4 resources
2023-02-14 11:12:13,566 [Worker-14: Building] INFO  o.e.m.c.i.embedder.EclipseLogger - Using 'UTF-8' encoding to copy filtered resources.
2023-02-14 11:12:13,566 [Worker-14: Building] INFO  o.e.m.c.i.embedder.EclipseLogger - skip non existing resourceDirectory C:\Users\USER\Documents\TRABAJO_JULIO_MUNOZ\EAP_ITCON_2\central-server\central\CentralUsuarios\src\test\resources
2023-02-14 11:16:24,938 [Worker-14: Building] INFO  o.e.m.c.i.embedder.EclipseLogger - Using 'UTF-8' encoding to copy filtered resources.
2023-02-14 11:16:24,940 [Worker-14: Building] INFO  o.e.m.c.i.embedder.EclipseLogger - Copying 0 resource
2023-02-14 11:16:24,940 [Worker-14: Building] INFO  o.e.m.c.i.embedder.EclipseLogger - Copying 1 resource
2023-02-14 11:16:24,943 [Worker-14: Building] INFO  o.e.m.c.i.embedder.EclipseLogger - Using 'UTF-8' encoding to copy filtered resources.
2023-02-14 11:16:24,943 [Worker-14: Building] INFO  o.e.m.c.i.embedder.EclipseLogger - skip non existing resourceDirectory C:\Users\USER\Documents\TRABAJO_JULIO_MUNOZ\EAP_ITCON_2\central-server\central\CentralUsuarios\src\test\resources
2023-02-14 11:17:16,035 [Worker-20: Building] INFO  o.e.m.c.i.embedder.EclipseLogger - Using 'UTF-8' encoding to copy filtered resources.
2023-02-14 11:17:16,038 [Worker-20: Building] INFO  o.e.m.c.i.embedder.EclipseLogger - Copying 2 resources
2023-02-14 11:17:16,041 [Worker-20: Building] INFO  o.e.m.c.i.embedder.EclipseLogger - Copying 4 resources
2023-02-14 11:17:16,043 [Worker-20: Building] INFO  o.e.m.c.i.embedder.EclipseLogger - Using 'UTF-8' encoding to copy filtered resources.
2023-02-14 11:17:16,043 [Worker-20: Building] INFO  o.e.m.c.i.embedder.EclipseLogger - skip non existing resourceDirectory C:\Users\USER\Documents\TRABAJO_JULIO_MUNOZ\EAP_ITCON_2\central-server\central\CentralUsuarios\src\test\resources
2023-02-14 11:18:10,345 [Worker-14: Building] INFO  o.e.m.c.i.embedder.EclipseLogger - Using 'UTF-8' encoding to copy filtered resources.
2023-02-14 11:18:10,346 [Worker-14: Building] INFO  o.e.m.c.i.embedder.EclipseLogger - Copying 2 resources
2023-02-14 11:18:10,348 [Worker-14: Building] INFO  o.e.m.c.i.embedder.EclipseLogger - Copying 4 resources
2023-02-14 11:18:10,350 [Worker-14: Building] INFO  o.e.m.c.i.embedder.EclipseLogger - Using 'UTF-8' encoding to copy filtered resources.
2023-02-14 11:18:10,351 [Worker-14: Building] INFO  o.e.m.c.i.embedder.EclipseLogger - skip non existing resourceDirectory C:\Users\USER\Documents\TRABAJO_JULIO_MUNOZ\EAP_ITCON_2\central-server\central\CentralUsuarios\src\test\resources
2023-02-14 11:27:33,735 [Worker-20: Building Workspace] INFO  o.e.m.c.i.embedder.EclipseLogger - Using 'UTF-8' encoding to copy filtered resources.
2023-02-14 11:27:33,737 [Worker-20: Building Workspace] INFO  o.e.m.c.i.embedder.EclipseLogger - Copying 2 resources
2023-02-14 11:27:33,740 [Worker-20: Building Workspace] INFO  o.e.m.c.i.embedder.EclipseLogger - Copying 4 resources
2023-02-14 11:27:33,742 [Worker-20: Building Workspace] INFO  o.e.m.c.i.embedder.EclipseLogger - Using 'UTF-8' encoding to copy filtered resources.
2023-02-14 11:27:33,742 [Worker-20: Building Workspace] INFO  o.e.m.c.i.embedder.EclipseLogger - skip non existing resourceDirectory C:\Users\USER\Documents\TRABAJO_JULIO_MUNOZ\EAP_ITCON_2\central-server\central\CentralUsuarios\src\test\resources
2023-02-14 11:32:31,569 [Worker-30: Building] INFO  o.e.m.c.i.embedder.EclipseLogger - Using 'UTF-8' encoding to copy filtered resources.
2023-02-14 11:32:31,570 [Worker-30: Building] INFO  o.e.m.c.i.embedder.EclipseLogger - Copying 2 resources
2023-02-14 11:32:31,572 [Worker-30: Building] INFO  o.e.m.c.i.embedder.EclipseLogger - Copying 4 resources
2023-02-14 11:32:31,574 [Worker-30: Building] INFO  o.e.m.c.i.embedder.EclipseLogger - Using 'UTF-8' encoding to copy filtered resources.
2023-02-14 11:32:31,574 [Worker-30: Building] INFO  o.e.m.c.i.embedder.EclipseLogger - skip non existing resourceDirectory C:\Users\USER\Documents\TRABAJO_JULIO_MUNOZ\EAP_ITCON_2\central-server\central\CentralUsuarios\src\test\resources
2023-02-14 11:43:22,978 [Worker-33: Building] INFO  o.e.m.c.i.embedder.EclipseLogger - Using 'UTF-8' encoding to copy filtered resources.
2023-02-14 11:43:22,979 [Worker-33: Building] INFO  o.e.m.c.i.embedder.EclipseLogger - Copying 2 resources
2023-02-14 11:43:22,981 [Worker-33: Building] INFO  o.e.m.c.i.embedder.EclipseLogger - Copying 4 resources
2023-02-14 11:43:22,983 [Worker-33: Building] INFO  o.e.m.c.i.embedder.EclipseLogger - Using 'UTF-8' encoding to copy filtered resources.
2023-02-14 11:43:22,983 [Worker-33: Building] INFO  o.e.m.c.i.embedder.EclipseLogger - skip non existing resourceDirectory C:\Users\USER\Documents\TRABAJO_JULIO_MUNOZ\EAP_ITCON_2\central-server\central\CentralUsuarios\src\test\resources
2023-02-14 11:55:01,529 [Worker-40: Building] INFO  o.e.m.c.i.embedder.EclipseLogger - Using 'UTF-8' encoding to copy filtered resources.
2023-02-14 11:55:01,530 [Worker-40: Building] INFO  o.e.m.c.i.embedder.EclipseLogger - Copying 2 resources
2023-02-14 11:55:01,532 [Worker-40: Building] INFO  o.e.m.c.i.embedder.EclipseLogger - Copying 4 resources
2023-02-14 11:55:01,535 [Worker-40: Building] INFO  o.e.m.c.i.embedder.EclipseLogger - Using 'UTF-8' encoding to copy filtered resources.
2023-02-14 11:55:01,535 [Worker-40: Building] INFO  o.e.m.c.i.embedder.EclipseLogger - skip non existing resourceDirectory C:\Users\USER\Documents\TRABAJO_JULIO_MUNOZ\EAP_ITCON_2\central-server\central\CentralUsuarios\src\test\resources
2023-02-14 12:15:45,836 [Worker-42: Building] INFO  o.e.m.c.i.embedder.EclipseLogger - Using 'UTF-8' encoding to copy filtered resources.
2023-02-14 12:15:45,837 [Worker-42: Building] INFO  o.e.m.c.i.embedder.EclipseLogger - Copying 2 resources
2023-02-14 12:15:45,839 [Worker-42: Building] INFO  o.e.m.c.i.embedder.EclipseLogger - Copying 4 resources
2023-02-14 12:15:45,841 [Worker-42: Building] INFO  o.e.m.c.i.embedder.EclipseLogger - Using 'UTF-8' encoding to copy filtered resources.
2023-02-14 12:15:45,841 [Worker-42: Building] INFO  o.e.m.c.i.embedder.EclipseLogger - skip non existing resourceDirectory C:\Users\USER\Documents\TRABAJO_JULIO_MUNOZ\EAP_ITCON_2\central-server\central\CentralUsuarios\src\test\resources
2023-02-14 12:16:21,304 [Worker-43: Building] INFO  o.e.m.c.i.embedder.EclipseLogger - Using 'UTF-8' encoding to copy filtered resources.
2023-02-14 12:16:21,305 [Worker-43: Building] INFO  o.e.m.c.i.embedder.EclipseLogger - Copying 2 resources
2023-02-14 12:16:21,307 [Worker-43: Building] INFO  o.e.m.c.i.embedder.EclipseLogger - Copying 4 resources
2023-02-14 12:16:21,309 [Worker-43: Building] INFO  o.e.m.c.i.embedder.EclipseLogger - Using 'UTF-8' encoding to copy filtered resources.
2023-02-14 12:16:21,309 [Worker-43: Building] INFO  o.e.m.c.i.embedder.EclipseLogger - skip non existing resourceDirectory C:\Users\USER\Documents\TRABAJO_JULIO_MUNOZ\EAP_ITCON_2\central-server\central\CentralUsuarios\src\test\resources
2023-02-14 12:16:58,943 [Worker-44: Building] INFO  o.e.m.c.i.embedder.EclipseLogger - Using 'UTF-8' encoding to copy filtered resources.
2023-02-14 12:16:58,944 [Worker-44: Building] INFO  o.e.m.c.i.embedder.EclipseLogger - Copying 2 resources
2023-02-14 12:16:58,946 [Worker-44: Building] INFO  o.e.m.c.i.embedder.EclipseLogger - Copying 4 resources
2023-02-14 12:16:58,948 [Worker-44: Building] INFO  o.e.m.c.i.embedder.EclipseLogger - Using 'UTF-8' encoding to copy filtered resources.
2023-02-14 12:16:58,948 [Worker-44: Building] INFO  o.e.m.c.i.embedder.EclipseLogger - skip non existing resourceDirectory C:\Users\USER\Documents\TRABAJO_JULIO_MUNOZ\EAP_ITCON_2\central-server\central\CentralUsuarios\src\test\resources
2023-02-14 12:19:29,854 [Worker-38: Building] INFO  o.e.m.c.i.embedder.EclipseLogger - Using 'UTF-8' encoding to copy filtered resources.
2023-02-14 12:19:29,855 [Worker-38: Building] INFO  o.e.m.c.i.embedder.EclipseLogger - Copying 2 resources
2023-02-14 12:19:29,857 [Worker-38: Building] INFO  o.e.m.c.i.embedder.EclipseLogger - Copying 4 resources
2023-02-14 12:19:29,859 [Worker-38: Building] INFO  o.e.m.c.i.embedder.EclipseLogger - Using 'UTF-8' encoding to copy filtered resources.
2023-02-14 12:19:29,859 [Worker-38: Building] INFO  o.e.m.c.i.embedder.EclipseLogger - skip non existing resourceDirectory C:\Users\USER\Documents\TRABAJO_JULIO_MUNOZ\EAP_ITCON_2\central-server\central\CentralUsuarios\src\test\resources
2023-02-14 12:21:10,302 [Worker-38: Building] INFO  o.e.m.c.i.embedder.EclipseLogger - Using 'UTF-8' encoding to copy filtered resources.
2023-02-14 12:21:10,303 [Worker-38: Building] INFO  o.e.m.c.i.embedder.EclipseLogger - Copying 2 resources
2023-02-14 12:21:10,305 [Worker-38: Building] INFO  o.e.m.c.i.embedder.EclipseLogger - Copying 4 resources
2023-02-14 12:21:10,306 [Worker-38: Building] INFO  o.e.m.c.i.embedder.EclipseLogger - Using 'UTF-8' encoding to copy filtered resources.
2023-02-14 12:21:10,306 [Worker-38: Building] INFO  o.e.m.c.i.embedder.EclipseLogger - skip non existing resourceDirectory C:\Users\USER\Documents\TRABAJO_JULIO_MUNOZ\EAP_ITCON_2\central-server\central\CentralUsuarios\src\test\resources
2023-02-14 12:26:19,952 [Worker-51: Building] INFO  o.e.m.c.i.embedder.EclipseLogger - Using 'UTF-8' encoding to copy filtered resources.
2023-02-14 12:26:19,953 [Worker-51: Building] INFO  o.e.m.c.i.embedder.EclipseLogger - Copying 2 resources
2023-02-14 12:26:19,955 [Worker-51: Building] INFO  o.e.m.c.i.embedder.EclipseLogger - Copying 4 resources
2023-02-14 12:26:19,956 [Worker-51: Building] INFO  o.e.m.c.i.embedder.EclipseLogger - Using 'UTF-8' encoding to copy filtered resources.
2023-02-14 12:26:19,956 [Worker-51: Building] INFO  o.e.m.c.i.embedder.EclipseLogger - skip non existing resourceDirectory C:\Users\USER\Documents\TRABAJO_JULIO_MUNOZ\EAP_ITCON_2\central-server\central\CentralUsuarios\src\test\resources
2023-02-14 12:26:27,333 [Worker-51: Building] INFO  o.e.m.c.i.embedder.EclipseLogger - Using 'UTF-8' encoding to copy filtered resources.
2023-02-14 12:26:27,334 [Worker-51: Building] INFO  o.e.m.c.i.embedder.EclipseLogger - Copying 2 resources
2023-02-14 12:26:27,337 [Worker-51: Building] INFO  o.e.m.c.i.embedder.EclipseLogger - Copying 4 resources
2023-02-14 12:26:27,338 [Worker-51: Building] INFO  o.e.m.c.i.embedder.EclipseLogger - Using 'UTF-8' encoding to copy filtered resources.
2023-02-14 12:26:27,339 [Worker-51: Building] INFO  o.e.m.c.i.embedder.EclipseLogger - skip non existing resourceDirectory C:\Users\USER\Documents\TRABAJO_JULIO_MUNOZ\EAP_ITCON_2\central-server\central\CentralUsuarios\src\test\resources
2023-02-14 12:30:41,262 [Worker-53: Building] INFO  o.e.m.c.i.embedder.EclipseLogger - Using 'UTF-8' encoding to copy filtered resources.
2023-02-14 12:30:41,263 [Worker-53: Building] INFO  o.e.m.c.i.embedder.EclipseLogger - Copying 2 resources
2023-02-14 12:30:41,266 [Worker-53: Building] INFO  o.e.m.c.i.embedder.EclipseLogger - Copying 4 resources
2023-02-14 12:30:41,268 [Worker-53: Building] INFO  o.e.m.c.i.embedder.EclipseLogger - Using 'UTF-8' encoding to copy filtered resources.
2023-02-14 12:30:41,268 [Worker-53: Building] INFO  o.e.m.c.i.embedder.EclipseLogger - skip non existing resourceDirectory C:\Users\USER\Documents\TRABAJO_JULIO_MUNOZ\EAP_ITCON_2\central-server\central\CentralUsuarios\src\test\resources
2023-02-14 12:33:10,826 [Worker-44: Building] INFO  o.e.m.c.i.embedder.EclipseLogger - Using 'UTF-8' encoding to copy filtered resources.
2023-02-14 12:33:10,828 [Worker-44: Building] INFO  o.e.m.c.i.embedder.EclipseLogger - Copying 2 resources
2023-02-14 12:33:10,829 [Worker-44: Building] INFO  o.e.m.c.i.embedder.EclipseLogger - Copying 4 resources
2023-02-14 12:33:10,831 [Worker-44: Building] INFO  o.e.m.c.i.embedder.EclipseLogger - Using 'UTF-8' encoding to copy filtered resources.
2023-02-14 12:33:10,831 [Worker-44: Building] INFO  o.e.m.c.i.embedder.EclipseLogger - skip non existing resourceDirectory C:\Users\USER\Documents\TRABAJO_JULIO_MUNOZ\EAP_ITCON_2\central-server\central\CentralUsuarios\src\test\resources
2023-02-16 13:09:45,322 [Worker-10: Building] INFO  o.e.m.c.i.embedder.EclipseLogger - Using 'UTF-8' encoding to copy filtered resources.
2023-02-16 13:09:45,326 [Worker-10: Building] INFO  o.e.m.c.i.embedder.EclipseLogger - Copying 2 resources
2023-02-16 13:09:45,346 [Worker-10: Building] INFO  o.e.m.c.i.embedder.EclipseLogger - Copying 4 resources
2023-02-16 13:09:45,373 [Worker-10: Building] INFO  o.e.m.c.i.embedder.EclipseLogger - Using 'UTF-8' encoding to copy filtered resources.
2023-02-16 13:09:45,373 [Worker-10: Building] INFO  o.e.m.c.i.embedder.EclipseLogger - skip non existing resourceDirectory C:\Users\USER\Documents\TRABAJO_JULIO_MUNOZ\EAP_ITCON_2\central-server\central\CentralUsuarios\src\test\resources
2023-02-16 17:08:13,802 [Worker-6: Loading available Gradle versions] INFO  o.e.b.c.i.u.g.PublishedGradleVersions - Gradle version information cache is out-of-date. Trying to update.
2023-02-16 17:10:50,406 [Worker-12: Building] INFO  o.e.m.c.i.embedder.EclipseLogger - Using 'UTF-8' encoding to copy filtered resources.
2023-02-16 17:10:50,410 [Worker-12: Building] INFO  o.e.m.c.i.embedder.EclipseLogger - Copying 2 resources
2023-02-16 17:10:50,413 [Worker-12: Building] INFO  o.e.m.c.i.embedder.EclipseLogger - Copying 4 resources
2023-02-16 17:10:50,415 [Worker-12: Building] INFO  o.e.m.c.i.embedder.EclipseLogger - Using 'UTF-8' encoding to copy filtered resources.
2023-02-16 17:10:50,415 [Worker-12: Building] INFO  o.e.m.c.i.embedder.EclipseLogger - skip non existing resourceDirectory C:\Users\USER\Documents\TRABAJO_JULIO_MUNOZ\EAP_ITCON_2\central-server\central\CentralUsuarios\src\test\resources
2023-02-16 17:11:20,750 [main] INFO  o.e.m.c.i.embedder.EclipseLogger - Using 'UTF-8' encoding to copy filtered resources.
2023-02-16 17:11:20,752 [main] INFO  o.e.m.c.i.embedder.EclipseLogger - Copying 2 resources
2023-02-16 17:11:20,755 [main] INFO  o.e.m.c.i.embedder.EclipseLogger - Copying 4 resources
2023-02-16 17:11:20,757 [main] INFO  o.e.m.c.i.embedder.EclipseLogger - Using 'UTF-8' encoding to copy filtered resources.
2023-02-16 17:11:20,757 [main] INFO  o.e.m.c.i.embedder.EclipseLogger - skip non existing resourceDirectory C:\Users\USER\Documents\TRABAJO_JULIO_MUNOZ\EAP_ITCON_2\central-server\central\CentralUsuarios\src\test\resources
2023-02-16 17:18:11,771 [Worker-13: Building] INFO  o.e.m.c.i.embedder.EclipseLogger - Using 'UTF-8' encoding to copy filtered resources.
2023-02-16 17:18:11,772 [Worker-13: Building] INFO  o.e.m.c.i.embedder.EclipseLogger - Copying 2 resources
2023-02-16 17:18:11,775 [Worker-13: Building] INFO  o.e.m.c.i.embedder.EclipseLogger - Copying 4 resources
2023-02-16 17:18:11,777 [Worker-13: Building] INFO  o.e.m.c.i.embedder.EclipseLogger - Using 'UTF-8' encoding to copy filtered resources.
2023-02-16 17:18:11,777 [Worker-13: Building] INFO  o.e.m.c.i.embedder.EclipseLogger - skip non existing resourceDirectory C:\Users\USER\Documents\TRABAJO_JULIO_MUNOZ\EAP_ITCON_2\central-server\central\CentralUsuarios\src\test\resources
2023-02-16 17:18:40,029 [Worker-11: Building] INFO  o.e.m.c.i.embedder.EclipseLogger - Using 'UTF-8' encoding to copy filtered resources.
2023-02-16 17:18:40,031 [Worker-11: Building] INFO  o.e.m.c.i.embedder.EclipseLogger - Copying 2 resources
2023-02-16 17:18:40,034 [Worker-11: Building] INFO  o.e.m.c.i.embedder.EclipseLogger - Copying 4 resources
2023-02-16 17:18:40,036 [Worker-11: Building] INFO  o.e.m.c.i.embedder.EclipseLogger - Using 'UTF-8' encoding to copy filtered resources.
2023-02-16 17:18:40,036 [Worker-11: Building] INFO  o.e.m.c.i.embedder.EclipseLogger - skip non existing resourceDirectory C:\Users\USER\Documents\TRABAJO_JULIO_MUNOZ\EAP_ITCON_2\central-server\central\CentralUsuarios\src\test\resources
2023-02-16 17:18:48,812 [main] INFO  o.e.m.c.i.embedder.EclipseLogger - Using 'UTF-8' encoding to copy filtered resources.
2023-02-16 17:18:48,813 [main] INFO  o.e.m.c.i.embedder.EclipseLogger - Copying 2 resources
2023-02-16 17:18:48,815 [main] INFO  o.e.m.c.i.embedder.EclipseLogger - Copying 4 resources
2023-02-16 17:18:48,816 [main] INFO  o.e.m.c.i.embedder.EclipseLogger - Using 'UTF-8' encoding to copy filtered resources.
2023-02-16 17:18:48,817 [main] INFO  o.e.m.c.i.embedder.EclipseLogger - skip non existing resourceDirectory C:\Users\USER\Documents\TRABAJO_JULIO_MUNOZ\EAP_ITCON_2\central-server\central\CentralUsuarios\src\test\resources
2023-02-16 17:21:55,683 [Worker-15: Building] INFO  o.e.m.c.i.embedder.EclipseLogger - Using 'UTF-8' encoding to copy filtered resources.
2023-02-16 17:21:55,684 [Worker-15: Building] INFO  o.e.m.c.i.embedder.EclipseLogger - Copying 2 resources
2023-02-16 17:21:55,686 [Worker-15: Building] INFO  o.e.m.c.i.embedder.EclipseLogger - Copying 4 resources
2023-02-16 17:21:55,688 [Worker-15: Building] INFO  o.e.m.c.i.embedder.EclipseLogger - Using 'UTF-8' encoding to copy filtered resources.
2023-02-16 17:21:55,688 [Worker-15: Building] INFO  o.e.m.c.i.embedder.EclipseLogger - skip non existing resourceDirectory C:\Users\USER\Documents\TRABAJO_JULIO_MUNOZ\EAP_ITCON_2\central-server\central\CentralUsuarios\src\test\resources
2023-02-16 17:22:30,750 [Worker-18: Building] INFO  o.e.m.c.i.embedder.EclipseLogger - Using 'UTF-8' encoding to copy filtered resources.
2023-02-16 17:22:30,752 [Worker-18: Building] INFO  o.e.m.c.i.embedder.EclipseLogger - Copying 2 resources
2023-02-16 17:22:30,755 [Worker-18: Building] INFO  o.e.m.c.i.embedder.EclipseLogger - Copying 4 resources
2023-02-16 17:22:30,757 [Worker-18: Building] INFO  o.e.m.c.i.embedder.EclipseLogger - Using 'UTF-8' encoding to copy filtered resources.
2023-02-16 17:22:30,758 [Worker-18: Building] INFO  o.e.m.c.i.embedder.EclipseLogger - skip non existing resourceDirectory C:\Users\USER\Documents\TRABAJO_JULIO_MUNOZ\EAP_ITCON_2\central-server\central\CentralUsuarios\src\test\resources
2023-02-16 17:23:22,085 [Worker-18: Building] INFO  o.e.m.c.i.embedder.EclipseLogger - Using 'UTF-8' encoding to copy filtered resources.
2023-02-16 17:23:22,086 [Worker-18: Building] INFO  o.e.m.c.i.embedder.EclipseLogger - Copying 2 resources
2023-02-16 17:23:22,088 [Worker-18: Building] INFO  o.e.m.c.i.embedder.EclipseLogger - Copying 4 resources
2023-02-16 17:23:22,090 [Worker-18: Building] INFO  o.e.m.c.i.embedder.EclipseLogger - Using 'UTF-8' encoding to copy filtered resources.
2023-02-16 17:23:22,090 [Worker-18: Building] INFO  o.e.m.c.i.embedder.EclipseLogger - skip non existing resourceDirectory C:\Users\USER\Documents\TRABAJO_JULIO_MUNOZ\EAP_ITCON_2\central-server\central\CentralUsuarios\src\test\resources
2023-02-16 17:24:06,016 [Worker-6: Building] INFO  o.e.m.c.i.embedder.EclipseLogger - Using 'UTF-8' encoding to copy filtered resources.
2023-02-16 17:24:06,017 [Worker-6: Building] INFO  o.e.m.c.i.embedder.EclipseLogger - Copying 2 resources
2023-02-16 17:24:06,020 [Worker-6: Building] INFO  o.e.m.c.i.embedder.EclipseLogger - Copying 4 resources
2023-02-16 17:24:06,021 [Worker-6: Building] INFO  o.e.m.c.i.embedder.EclipseLogger - Using 'UTF-8' encoding to copy filtered resources.
2023-02-16 17:24:06,022 [Worker-6: Building] INFO  o.e.m.c.i.embedder.EclipseLogger - skip non existing resourceDirectory C:\Users\USER\Documents\TRABAJO_JULIO_MUNOZ\EAP_ITCON_2\central-server\central\CentralUsuarios\src\test\resources
2023-02-16 17:24:08,179 [Worker-18: Building] INFO  o.e.m.c.i.embedder.EclipseLogger - Using 'UTF-8' encoding to copy filtered resources.
2023-02-16 17:24:08,180 [Worker-18: Building] INFO  o.e.m.c.i.embedder.EclipseLogger - Copying 2 resources
2023-02-16 17:24:08,182 [Worker-18: Building] INFO  o.e.m.c.i.embedder.EclipseLogger - Copying 4 resources
2023-02-16 17:24:08,184 [Worker-18: Building] INFO  o.e.m.c.i.embedder.EclipseLogger - Using 'UTF-8' encoding to copy filtered resources.
2023-02-16 17:24:08,184 [Worker-18: Building] INFO  o.e.m.c.i.embedder.EclipseLogger - skip non existing resourceDirectory C:\Users\USER\Documents\TRABAJO_JULIO_MUNOZ\EAP_ITCON_2\central-server\central\CentralUsuarios\src\test\resources
2023-02-16 17:24:58,135 [Worker-15: Building] INFO  o.e.m.c.i.embedder.EclipseLogger - Using 'UTF-8' encoding to copy filtered resources.
2023-02-16 17:24:58,136 [Worker-15: Building] INFO  o.e.m.c.i.embedder.EclipseLogger - Copying 2 resources
2023-02-16 17:24:58,139 [Worker-15: Building] INFO  o.e.m.c.i.embedder.EclipseLogger - Copying 4 resources
2023-02-16 17:24:58,140 [Worker-15: Building] INFO  o.e.m.c.i.embedder.EclipseLogger - Using 'UTF-8' encoding to copy filtered resources.
2023-02-16 17:24:58,141 [Worker-15: Building] INFO  o.e.m.c.i.embedder.EclipseLogger - skip non existing resourceDirectory C:\Users\USER\Documents\TRABAJO_JULIO_MUNOZ\EAP_ITCON_2\central-server\central\CentralUsuarios\src\test\resources
2023-02-16 17:38:18,247 [Worker-19: Building Workspace] INFO  o.e.m.c.i.embedder.EclipseLogger - Using 'UTF-8' encoding to copy filtered resources.
2023-02-16 17:38:18,249 [Worker-19: Building Workspace] INFO  o.e.m.c.i.embedder.EclipseLogger - Copying 2 resources
2023-02-16 17:38:18,251 [Worker-19: Building Workspace] INFO  o.e.m.c.i.embedder.EclipseLogger - Copying 4 resources
2023-02-16 17:38:18,254 [Worker-19: Building Workspace] INFO  o.e.m.c.i.embedder.EclipseLogger - Using 'UTF-8' encoding to copy filtered resources.
2023-02-16 17:38:18,254 [Worker-19: Building Workspace] INFO  o.e.m.c.i.embedder.EclipseLogger - skip non existing resourceDirectory C:\Users\USER\Documents\TRABAJO_JULIO_MUNOZ\EAP_ITCON_2\central-server\central\CentralUsuarios\src\test\resources
2023-02-16 17:38:32,023 [main] INFO  o.e.m.c.i.embedder.EclipseLogger - Using 'UTF-8' encoding to copy filtered resources.
2023-02-16 17:38:32,024 [main] INFO  o.e.m.c.i.embedder.EclipseLogger - Copying 2 resources
2023-02-16 17:38:32,026 [main] INFO  o.e.m.c.i.embedder.EclipseLogger - Copying 4 resources
2023-02-16 17:38:32,028 [main] INFO  o.e.m.c.i.embedder.EclipseLogger - Using 'UTF-8' encoding to copy filtered resources.
2023-02-16 17:38:32,028 [main] INFO  o.e.m.c.i.embedder.EclipseLogger - skip non existing resourceDirectory C:\Users\USER\Documents\TRABAJO_JULIO_MUNOZ\EAP_ITCON_2\central-server\central\CentralUsuarios\src\test\resources
2023-02-16 17:39:21,028 [Worker-20: Building] INFO  o.e.m.c.i.embedder.EclipseLogger - Using 'UTF-8' encoding to copy filtered resources.
2023-02-16 17:39:21,029 [Worker-20: Building] INFO  o.e.m.c.i.embedder.EclipseLogger - Copying 2 resources
2023-02-16 17:39:21,031 [Worker-20: Building] INFO  o.e.m.c.i.embedder.EclipseLogger - Copying 4 resources
2023-02-16 17:39:21,033 [Worker-20: Building] INFO  o.e.m.c.i.embedder.EclipseLogger - Using 'UTF-8' encoding to copy filtered resources.
2023-02-16 17:39:21,033 [Worker-20: Building] INFO  o.e.m.c.i.embedder.EclipseLogger - skip non existing resourceDirectory C:\Users\USER\Documents\TRABAJO_JULIO_MUNOZ\EAP_ITCON_2\central-server\central\CentralUsuarios\src\test\resources
2023-02-16 17:39:35,221 [main] INFO  o.e.m.c.i.embedder.EclipseLogger - Using 'UTF-8' encoding to copy filtered resources.
2023-02-16 17:39:35,222 [main] INFO  o.e.m.c.i.embedder.EclipseLogger - Copying 2 resources
2023-02-16 17:39:35,224 [main] INFO  o.e.m.c.i.embedder.EclipseLogger - Copying 4 resources
2023-02-16 17:39:35,226 [main] INFO  o.e.m.c.i.embedder.EclipseLogger - Using 'UTF-8' encoding to copy filtered resources.
2023-02-16 17:39:35,226 [main] INFO  o.e.m.c.i.embedder.EclipseLogger - skip non existing resourceDirectory C:\Users\USER\Documents\TRABAJO_JULIO_MUNOZ\EAP_ITCON_2\central-server\central\CentralUsuarios\src\test\resources
2023-02-16 17:41:01,438 [Worker-13: Building] INFO  o.e.m.c.i.embedder.EclipseLogger - Using 'UTF-8' encoding to copy filtered resources.
2023-02-16 17:41:01,439 [Worker-13: Building] INFO  o.e.m.c.i.embedder.EclipseLogger - Copying 2 resources
2023-02-16 17:41:01,441 [Worker-13: Building] INFO  o.e.m.c.i.embedder.EclipseLogger - Copying 4 resources
2023-02-16 17:41:01,443 [Worker-13: Building] INFO  o.e.m.c.i.embedder.EclipseLogger - Using 'UTF-8' encoding to copy filtered resources.
2023-02-16 17:41:01,443 [Worker-13: Building] INFO  o.e.m.c.i.embedder.EclipseLogger - skip non existing resourceDirectory C:\Users\USER\Documents\TRABAJO_JULIO_MUNOZ\EAP_ITCON_2\central-server\central\CentralUsuarios\src\test\resources
2023-02-16 17:43:45,652 [Worker-19: Building Workspace] INFO  o.e.m.c.i.embedder.EclipseLogger - Using 'UTF-8' encoding to copy filtered resources.
2023-02-16 17:43:45,653 [Worker-19: Building Workspace] INFO  o.e.m.c.i.embedder.EclipseLogger - Copying 2 resources
2023-02-16 17:43:45,655 [Worker-19: Building Workspace] INFO  o.e.m.c.i.embedder.EclipseLogger - Copying 4 resources
2023-02-16 17:43:45,657 [Worker-19: Building Workspace] INFO  o.e.m.c.i.embedder.EclipseLogger - Using 'UTF-8' encoding to copy filtered resources.
2023-02-16 17:43:45,657 [Worker-19: Building Workspace] INFO  o.e.m.c.i.embedder.EclipseLogger - skip non existing resourceDirectory C:\Users\USER\Documents\TRABAJO_JULIO_MUNOZ\EAP_ITCON_2\central-server\central\CentralUsuarios\src\test\resources
2023-02-16 17:44:10,288 [main] INFO  o.e.m.c.i.embedder.EclipseLogger - Using 'UTF-8' encoding to copy filtered resources.
2023-02-16 17:44:10,289 [main] INFO  o.e.m.c.i.embedder.EclipseLogger - Copying 2 resources
2023-02-16 17:44:10,291 [main] INFO  o.e.m.c.i.embedder.EclipseLogger - Copying 4 resources
2023-02-16 17:44:10,292 [main] INFO  o.e.m.c.i.embedder.EclipseLogger - Using 'UTF-8' encoding to copy filtered resources.
2023-02-16 17:44:10,293 [main] INFO  o.e.m.c.i.embedder.EclipseLogger - skip non existing resourceDirectory C:\Users\USER\Documents\TRABAJO_JULIO_MUNOZ\EAP_ITCON_2\central-server\central\CentralUsuarios\src\test\resources
2023-02-16 17:47:05,957 [Worker-24: Building] INFO  o.e.m.c.i.embedder.EclipseLogger - Using 'UTF-8' encoding to copy filtered resources.
2023-02-16 17:47:05,958 [Worker-24: Building] INFO  o.e.m.c.i.embedder.EclipseLogger - Copying 2 resources
2023-02-16 17:47:05,960 [Worker-24: Building] INFO  o.e.m.c.i.embedder.EclipseLogger - Copying 4 resources
2023-02-16 17:47:05,961 [Worker-24: Building] INFO  o.e.m.c.i.embedder.EclipseLogger - Using 'UTF-8' encoding to copy filtered resources.
2023-02-16 17:47:05,962 [Worker-24: Building] INFO  o.e.m.c.i.embedder.EclipseLogger - skip non existing resourceDirectory C:\Users\USER\Documents\TRABAJO_JULIO_MUNOZ\EAP_ITCON_2\central-server\central\CentralUsuarios\src\test\resources
2023-02-16 17:53:00,213 [Worker-25: Building] INFO  o.e.m.c.i.embedder.EclipseLogger - Using 'UTF-8' encoding to copy filtered resources.
2023-02-16 17:53:00,214 [Worker-25: Building] INFO  o.e.m.c.i.embedder.EclipseLogger - Copying 0 resource
2023-02-16 17:53:00,214 [Worker-25: Building] INFO  o.e.m.c.i.embedder.EclipseLogger - Copying 1 resource
2023-02-16 17:53:00,217 [Worker-25: Building] INFO  o.e.m.c.i.embedder.EclipseLogger - Using 'UTF-8' encoding to copy filtered resources.
2023-02-16 17:53:00,217 [Worker-25: Building] INFO  o.e.m.c.i.embedder.EclipseLogger - skip non existing resourceDirectory C:\Users\USER\Documents\TRABAJO_JULIO_MUNOZ\EAP_ITCON_2\central-server\central\CentralUsuarios\src\test\resources
2023-02-16 17:53:51,080 [Worker-23: Building] INFO  o.e.m.c.i.embedder.EclipseLogger - Using 'UTF-8' encoding to copy filtered resources.
2023-02-16 17:53:51,081 [Worker-23: Building] INFO  o.e.m.c.i.embedder.EclipseLogger - Copying 2 resources
2023-02-16 17:53:51,084 [Worker-23: Building] INFO  o.e.m.c.i.embedder.EclipseLogger - Copying 4 resources
2023-02-16 17:53:51,085 [Worker-23: Building] INFO  o.e.m.c.i.embedder.EclipseLogger - Using 'UTF-8' encoding to copy filtered resources.
2023-02-16 17:53:51,085 [Worker-23: Building] INFO  o.e.m.c.i.embedder.EclipseLogger - skip non existing resourceDirectory C:\Users\USER\Documents\TRABAJO_JULIO_MUNOZ\EAP_ITCON_2\central-server\central\CentralUsuarios\src\test\resources
2023-02-16 17:54:34,336 [Worker-26: Building] INFO  o.e.m.c.i.embedder.EclipseLogger - Using 'UTF-8' encoding to copy filtered resources.
2023-02-16 17:54:34,338 [Worker-26: Building] INFO  o.e.m.c.i.embedder.EclipseLogger - Copying 2 resources
2023-02-16 17:54:34,340 [Worker-26: Building] INFO  o.e.m.c.i.embedder.EclipseLogger - Copying 4 resources
2023-02-16 17:54:34,341 [Worker-26: Building] INFO  o.e.m.c.i.embedder.EclipseLogger - Using 'UTF-8' encoding to copy filtered resources.
2023-02-16 17:54:34,341 [Worker-26: Building] INFO  o.e.m.c.i.embedder.EclipseLogger - skip non existing resourceDirectory C:\Users\USER\Documents\TRABAJO_JULIO_MUNOZ\EAP_ITCON_2\central-server\central\CentralUsuarios\src\test\resources
2023-02-16 17:54:48,884 [Worker-23: Building] INFO  o.e.m.c.i.embedder.EclipseLogger - Using 'UTF-8' encoding to copy filtered resources.
2023-02-16 17:54:48,885 [Worker-23: Building] INFO  o.e.m.c.i.embedder.EclipseLogger - Copying 2 resources
2023-02-16 17:54:48,887 [Worker-23: Building] INFO  o.e.m.c.i.embedder.EclipseLogger - Copying 4 resources
2023-02-16 17:54:48,889 [Worker-23: Building] INFO  o.e.m.c.i.embedder.EclipseLogger - Using 'UTF-8' encoding to copy filtered resources.
2023-02-16 17:54:48,889 [Worker-23: Building] INFO  o.e.m.c.i.embedder.EclipseLogger - skip non existing resourceDirectory C:\Users\USER\Documents\TRABAJO_JULIO_MUNOZ\EAP_ITCON_2\central-server\central\CentralUsuarios\src\test\resources
2023-02-16 17:57:55,012 [Worker-28: Building] INFO  o.e.m.c.i.embedder.EclipseLogger - Using 'UTF-8' encoding to copy filtered resources.
2023-02-16 17:57:55,013 [Worker-28: Building] INFO  o.e.m.c.i.embedder.EclipseLogger - Copying 2 resources
2023-02-16 17:57:55,015 [Worker-28: Building] INFO  o.e.m.c.i.embedder.EclipseLogger - Copying 4 resources
2023-02-16 17:57:55,017 [Worker-28: Building] INFO  o.e.m.c.i.embedder.EclipseLogger - Using 'UTF-8' encoding to copy filtered resources.
2023-02-16 17:57:55,017 [Worker-28: Building] INFO  o.e.m.c.i.embedder.EclipseLogger - skip non existing resourceDirectory C:\Users\USER\Documents\TRABAJO_JULIO_MUNOZ\EAP_ITCON_2\central-server\central\CentralUsuarios\src\test\resources
2023-02-16 17:58:20,637 [Worker-23: Building] INFO  o.e.m.c.i.embedder.EclipseLogger - Using 'UTF-8' encoding to copy filtered resources.
2023-02-16 17:58:20,638 [Worker-23: Building] INFO  o.e.m.c.i.embedder.EclipseLogger - Copying 2 resources
2023-02-16 17:58:20,641 [Worker-23: Building] INFO  o.e.m.c.i.embedder.EclipseLogger - Copying 4 resources
2023-02-16 17:58:20,642 [Worker-23: Building] INFO  o.e.m.c.i.embedder.EclipseLogger - Using 'UTF-8' encoding to copy filtered resources.
2023-02-16 17:58:20,642 [Worker-23: Building] INFO  o.e.m.c.i.embedder.EclipseLogger - skip non existing resourceDirectory C:\Users\USER\Documents\TRABAJO_JULIO_MUNOZ\EAP_ITCON_2\central-server\central\CentralUsuarios\src\test\resources
2023-02-16 17:58:59,878 [Worker-27: Building] INFO  o.e.m.c.i.embedder.EclipseLogger - Using 'UTF-8' encoding to copy filtered resources.
2023-02-16 17:58:59,879 [Worker-27: Building] INFO  o.e.m.c.i.embedder.EclipseLogger - Copying 2 resources
2023-02-16 17:58:59,881 [Worker-27: Building] INFO  o.e.m.c.i.embedder.EclipseLogger - Copying 4 resources
2023-02-16 17:58:59,882 [Worker-27: Building] INFO  o.e.m.c.i.embedder.EclipseLogger - Using 'UTF-8' encoding to copy filtered resources.
2023-02-16 17:58:59,882 [Worker-27: Building] INFO  o.e.m.c.i.embedder.EclipseLogger - skip non existing resourceDirectory C:\Users\USER\Documents\TRABAJO_JULIO_MUNOZ\EAP_ITCON_2\central-server\central\CentralUsuarios\src\test\resources
2023-02-16 18:00:10,247 [Worker-27: Building] INFO  o.e.m.c.i.embedder.EclipseLogger - Using 'UTF-8' encoding to copy filtered resources.
2023-02-16 18:00:10,248 [Worker-27: Building] INFO  o.e.m.c.i.embedder.EclipseLogger - Copying 2 resources
2023-02-16 18:00:10,250 [Worker-27: Building] INFO  o.e.m.c.i.embedder.EclipseLogger - Copying 4 resources
2023-02-16 18:00:10,252 [Worker-27: Building] INFO  o.e.m.c.i.embedder.EclipseLogger - Using 'UTF-8' encoding to copy filtered resources.
2023-02-16 18:00:10,252 [Worker-27: Building] INFO  o.e.m.c.i.embedder.EclipseLogger - skip non existing resourceDirectory C:\Users\USER\Documents\TRABAJO_JULIO_MUNOZ\EAP_ITCON_2\central-server\central\CentralUsuarios\src\test\resources
2023-02-16 18:00:25,262 [Worker-23: Building] INFO  o.e.m.c.i.embedder.EclipseLogger - Using 'UTF-8' encoding to copy filtered resources.
2023-02-16 18:00:25,263 [Worker-23: Building] INFO  o.e.m.c.i.embedder.EclipseLogger - Copying 2 resources
2023-02-16 18:00:25,264 [Worker-23: Building] INFO  o.e.m.c.i.embedder.EclipseLogger - Copying 4 resources
2023-02-16 18:00:25,266 [Worker-23: Building] INFO  o.e.m.c.i.embedder.EclipseLogger - Using 'UTF-8' encoding to copy filtered resources.
2023-02-16 18:00:25,266 [Worker-23: Building] INFO  o.e.m.c.i.embedder.EclipseLogger - skip non existing resourceDirectory C:\Users\USER\Documents\TRABAJO_JULIO_MUNOZ\EAP_ITCON_2\central-server\central\CentralUsuarios\src\test\resources
2023-02-16 18:01:30,976 [Worker-28: Building] INFO  o.e.m.c.i.embedder.EclipseLogger - Using 'UTF-8' encoding to copy filtered resources.
2023-02-16 18:01:30,977 [Worker-28: Building] INFO  o.e.m.c.i.embedder.EclipseLogger - Copying 2 resources
2023-02-16 18:01:30,980 [Worker-28: Building] INFO  o.e.m.c.i.embedder.EclipseLogger - Copying 4 resources
2023-02-16 18:01:30,981 [Worker-28: Building] INFO  o.e.m.c.i.embedder.EclipseLogger - Using 'UTF-8' encoding to copy filtered resources.
2023-02-16 18:01:30,982 [Worker-28: Building] INFO  o.e.m.c.i.embedder.EclipseLogger - skip non existing resourceDirectory C:\Users\USER\Documents\TRABAJO_JULIO_MUNOZ\EAP_ITCON_2\central-server\central\CentralUsuarios\src\test\resources
2023-02-16 18:01:40,929 [Worker-24: Building] INFO  o.e.m.c.i.embedder.EclipseLogger - Using 'UTF-8' encoding to copy filtered resources.
2023-02-16 18:01:40,930 [Worker-24: Building] INFO  o.e.m.c.i.embedder.EclipseLogger - Copying 2 resources
2023-02-16 18:01:40,931 [Worker-24: Building] INFO  o.e.m.c.i.embedder.EclipseLogger - Copying 4 resources
2023-02-16 18:01:40,933 [Worker-24: Building] INFO  o.e.m.c.i.embedder.EclipseLogger - Using 'UTF-8' encoding to copy filtered resources.
2023-02-16 18:01:40,933 [Worker-24: Building] INFO  o.e.m.c.i.embedder.EclipseLogger - skip non existing resourceDirectory C:\Users\USER\Documents\TRABAJO_JULIO_MUNOZ\EAP_ITCON_2\central-server\central\CentralUsuarios\src\test\resources
2023-02-16 18:04:46,776 [Worker-28: Building] INFO  o.e.m.c.i.embedder.EclipseLogger - Using 'UTF-8' encoding to copy filtered resources.
2023-02-16 18:04:46,777 [Worker-28: Building] INFO  o.e.m.c.i.embedder.EclipseLogger - Copying 2 resources
2023-02-16 18:04:46,780 [Worker-28: Building] INFO  o.e.m.c.i.embedder.EclipseLogger - Copying 4 resources
2023-02-16 18:04:46,781 [Worker-28: Building] INFO  o.e.m.c.i.embedder.EclipseLogger - Using 'UTF-8' encoding to copy filtered resources.
2023-02-16 18:04:46,782 [Worker-28: Building] INFO  o.e.m.c.i.embedder.EclipseLogger - skip non existing resourceDirectory C:\Users\USER\Documents\TRABAJO_JULIO_MUNOZ\EAP_ITCON_2\central-server\central\CentralUsuarios\src\test\resources
2023-02-16 18:09:18,432 [Worker-27: Building Workspace] INFO  o.e.m.c.i.embedder.EclipseLogger - Using 'UTF-8' encoding to copy filtered resources.
2023-02-16 18:09:18,433 [Worker-27: Building Workspace] INFO  o.e.m.c.i.embedder.EclipseLogger - Copying 2 resources
2023-02-16 18:09:18,435 [Worker-27: Building Workspace] INFO  o.e.m.c.i.embedder.EclipseLogger - Copying 4 resources
2023-02-16 18:09:18,437 [Worker-27: Building Workspace] INFO  o.e.m.c.i.embedder.EclipseLogger - Using 'UTF-8' encoding to copy filtered resources.
2023-02-16 18:09:18,437 [Worker-27: Building Workspace] INFO  o.e.m.c.i.embedder.EclipseLogger - skip non existing resourceDirectory C:\Users\USER\Documents\TRABAJO_JULIO_MUNOZ\EAP_ITCON_2\central-server\central\CentralUsuarios\src\test\resources
2023-02-16 18:09:53,005 [main] INFO  o.e.m.c.i.embedder.EclipseLogger - Using 'UTF-8' encoding to copy filtered resources.
2023-02-16 18:09:53,006 [main] INFO  o.e.m.c.i.embedder.EclipseLogger - Copying 2 resources
2023-02-16 18:09:53,008 [main] INFO  o.e.m.c.i.embedder.EclipseLogger - Copying 4 resources
2023-02-16 18:09:53,009 [main] INFO  o.e.m.c.i.embedder.EclipseLogger - Using 'UTF-8' encoding to copy filtered resources.
2023-02-16 18:09:53,009 [main] INFO  o.e.m.c.i.embedder.EclipseLogger - skip non existing resourceDirectory C:\Users\USER\Documents\TRABAJO_JULIO_MUNOZ\EAP_ITCON_2\central-server\central\CentralUsuarios\src\test\resources
2023-02-16 18:14:59,691 [Worker-26: Building] INFO  o.e.m.c.i.embedder.EclipseLogger - Using 'UTF-8' encoding to copy filtered resources.
2023-02-16 18:14:59,692 [Worker-26: Building] INFO  o.e.m.c.i.embedder.EclipseLogger - Copying 2 resources
2023-02-16 18:14:59,694 [Worker-26: Building] INFO  o.e.m.c.i.embedder.EclipseLogger - Copying 4 resources
2023-02-16 18:14:59,696 [Worker-26: Building] INFO  o.e.m.c.i.embedder.EclipseLogger - Using 'UTF-8' encoding to copy filtered resources.
2023-02-16 18:14:59,696 [Worker-26: Building] INFO  o.e.m.c.i.embedder.EclipseLogger - skip non existing resourceDirectory C:\Users\USER\Documents\TRABAJO_JULIO_MUNOZ\EAP_ITCON_2\central-server\central\CentralUsuarios\src\test\resources
2023-02-16 18:16:08,435 [Worker-26: Building] INFO  o.e.m.c.i.embedder.EclipseLogger - Using 'UTF-8' encoding to copy filtered resources.
2023-02-16 18:16:08,437 [Worker-26: Building] INFO  o.e.m.c.i.embedder.EclipseLogger - Copying 2 resources
2023-02-16 18:16:08,440 [Worker-26: Building] INFO  o.e.m.c.i.embedder.EclipseLogger - Copying 4 resources
2023-02-16 18:16:08,442 [Worker-26: Building] INFO  o.e.m.c.i.embedder.EclipseLogger - Using 'UTF-8' encoding to copy filtered resources.
2023-02-16 18:16:08,442 [Worker-26: Building] INFO  o.e.m.c.i.embedder.EclipseLogger - skip non existing resourceDirectory C:\Users\USER\Documents\TRABAJO_JULIO_MUNOZ\EAP_ITCON_2\central-server\central\CentralUsuarios\src\test\resources
2023-02-16 18:17:24,477 [Worker-33: Building] INFO  o.e.m.c.i.embedder.EclipseLogger - Using 'UTF-8' encoding to copy filtered resources.
2023-02-16 18:17:24,478 [Worker-33: Building] INFO  o.e.m.c.i.embedder.EclipseLogger - Copying 2 resources
2023-02-16 18:17:24,480 [Worker-33: Building] INFO  o.e.m.c.i.embedder.EclipseLogger - Copying 4 resources
2023-02-16 18:17:24,482 [Worker-33: Building] INFO  o.e.m.c.i.embedder.EclipseLogger - Using 'UTF-8' encoding to copy filtered resources.
2023-02-16 18:17:24,482 [Worker-33: Building] INFO  o.e.m.c.i.embedder.EclipseLogger - skip non existing resourceDirectory C:\Users\USER\Documents\TRABAJO_JULIO_MUNOZ\EAP_ITCON_2\central-server\central\CentralUsuarios\src\test\resources
2023-02-16 18:50:40,413 [Worker-37: Building] INFO  o.e.m.c.i.embedder.EclipseLogger - Using 'UTF-8' encoding to copy filtered resources.
2023-02-16 18:50:40,415 [Worker-37: Building] INFO  o.e.m.c.i.embedder.EclipseLogger - Copying 2 resources
2023-02-16 18:50:40,418 [Worker-37: Building] INFO  o.e.m.c.i.embedder.EclipseLogger - Copying 4 resources
2023-02-16 18:50:40,420 [Worker-37: Building] INFO  o.e.m.c.i.embedder.EclipseLogger - Using 'UTF-8' encoding to copy filtered resources.
2023-02-16 18:50:40,420 [Worker-37: Building] INFO  o.e.m.c.i.embedder.EclipseLogger - skip non existing resourceDirectory C:\Users\USER\Documents\TRABAJO_JULIO_MUNOZ\EAP_ITCON_2\central-server\central\CentralUsuarios\src\test\resources
2023-02-16 18:51:15,064 [Worker-39: Building] INFO  o.e.m.c.i.embedder.EclipseLogger - Using 'UTF-8' encoding to copy filtered resources.
2023-02-16 18:51:15,065 [Worker-39: Building] INFO  o.e.m.c.i.embedder.EclipseLogger - Copying 2 resources
2023-02-16 18:51:15,067 [Worker-39: Building] INFO  o.e.m.c.i.embedder.EclipseLogger - Copying 4 resources
2023-02-16 18:51:15,068 [Worker-39: Building] INFO  o.e.m.c.i.embedder.EclipseLogger - Using 'UTF-8' encoding to copy filtered resources.
2023-02-16 18:51:15,068 [Worker-39: Building] INFO  o.e.m.c.i.embedder.EclipseLogger - skip non existing resourceDirectory C:\Users\USER\Documents\TRABAJO_JULIO_MUNOZ\EAP_ITCON_2\central-server\central\CentralUsuarios\src\test\resources
2023-02-16 18:51:59,510 [Worker-30: Building] INFO  o.e.m.c.i.embedder.EclipseLogger - Using 'UTF-8' encoding to copy filtered resources.
2023-02-16 18:51:59,511 [Worker-30: Building] INFO  o.e.m.c.i.embedder.EclipseLogger - Copying 2 resources
2023-02-16 18:51:59,514 [Worker-30: Building] INFO  o.e.m.c.i.embedder.EclipseLogger - Copying 4 resources
2023-02-16 18:51:59,516 [Worker-30: Building] INFO  o.e.m.c.i.embedder.EclipseLogger - Using 'UTF-8' encoding to copy filtered resources.
2023-02-16 18:51:59,516 [Worker-30: Building] INFO  o.e.m.c.i.embedder.EclipseLogger - skip non existing resourceDirectory C:\Users\USER\Documents\TRABAJO_JULIO_MUNOZ\EAP_ITCON_2\central-server\central\CentralUsuarios\src\test\resources
2023-02-16 18:52:22,242 [Worker-40: Building] INFO  o.e.m.c.i.embedder.EclipseLogger - Using 'UTF-8' encoding to copy filtered resources.
2023-02-16 18:52:22,243 [Worker-40: Building] INFO  o.e.m.c.i.embedder.EclipseLogger - Copying 2 resources
2023-02-16 18:52:22,246 [Worker-40: Building] INFO  o.e.m.c.i.embedder.EclipseLogger - Copying 4 resources
2023-02-16 18:52:22,247 [Worker-40: Building] INFO  o.e.m.c.i.embedder.EclipseLogger - Using 'UTF-8' encoding to copy filtered resources.
2023-02-16 18:52:22,247 [Worker-40: Building] INFO  o.e.m.c.i.embedder.EclipseLogger - skip non existing resourceDirectory C:\Users\USER\Documents\TRABAJO_JULIO_MUNOZ\EAP_ITCON_2\central-server\central\CentralUsuarios\src\test\resources
2023-02-16 18:52:42,938 [Worker-40: Building] INFO  o.e.m.c.i.embedder.EclipseLogger - Using 'UTF-8' encoding to copy filtered resources.
2023-02-16 18:52:42,939 [Worker-40: Building] INFO  o.e.m.c.i.embedder.EclipseLogger - Copying 2 resources
2023-02-16 18:52:42,941 [Worker-40: Building] INFO  o.e.m.c.i.embedder.EclipseLogger - Copying 4 resources
2023-02-16 18:52:42,942 [Worker-40: Building] INFO  o.e.m.c.i.embedder.EclipseLogger - Using 'UTF-8' encoding to copy filtered resources.
2023-02-16 18:52:42,943 [Worker-40: Building] INFO  o.e.m.c.i.embedder.EclipseLogger - skip non existing resourceDirectory C:\Users\USER\Documents\TRABAJO_JULIO_MUNOZ\EAP_ITCON_2\central-server\central\CentralUsuarios\src\test\resources
2023-02-16 18:56:02,448 [Worker-36: Building] INFO  o.e.m.c.i.embedder.EclipseLogger - Using 'UTF-8' encoding to copy filtered resources.
2023-02-16 18:56:02,449 [Worker-36: Building] INFO  o.e.m.c.i.embedder.EclipseLogger - Copying 2 resources
2023-02-16 18:56:02,452 [Worker-36: Building] INFO  o.e.m.c.i.embedder.EclipseLogger - Copying 4 resources
2023-02-16 18:56:02,455 [Worker-36: Building] INFO  o.e.m.c.i.embedder.EclipseLogger - Using 'UTF-8' encoding to copy filtered resources.
2023-02-16 18:56:02,455 [Worker-36: Building] INFO  o.e.m.c.i.embedder.EclipseLogger - skip non existing resourceDirectory C:\Users\USER\Documents\TRABAJO_JULIO_MUNOZ\EAP_ITCON_2\central-server\central\CentralUsuarios\src\test\resources
2023-02-16 19:43:38,820 [Worker-46: Building] INFO  o.e.m.c.i.embedder.EclipseLogger - Using 'UTF-8' encoding to copy filtered resources.
2023-02-16 19:43:38,822 [Worker-46: Building] INFO  o.e.m.c.i.embedder.EclipseLogger - Copying 2 resources
2023-02-16 19:43:38,845 [Worker-46: Building] INFO  o.e.m.c.i.embedder.EclipseLogger - Copying 4 resources
2023-02-16 19:43:38,848 [Worker-46: Building] INFO  o.e.m.c.i.embedder.EclipseLogger - Using 'UTF-8' encoding to copy filtered resources.
2023-02-16 19:43:38,848 [Worker-46: Building] INFO  o.e.m.c.i.embedder.EclipseLogger - skip non existing resourceDirectory C:\Users\USER\Documents\TRABAJO_JULIO_MUNOZ\EAP_ITCON_2\central-server\central\CentralUsuarios\src\test\resources
2023-02-16 20:27:18,437 [Worker-51: Building] INFO  o.e.m.c.i.embedder.EclipseLogger - Using 'UTF-8' encoding to copy filtered resources.
2023-02-16 20:27:18,438 [Worker-51: Building] INFO  o.e.m.c.i.embedder.EclipseLogger - Copying 2 resources
2023-02-16 20:27:18,441 [Worker-51: Building] INFO  o.e.m.c.i.embedder.EclipseLogger - Copying 4 resources
2023-02-16 20:27:18,443 [Worker-51: Building] INFO  o.e.m.c.i.embedder.EclipseLogger - Using 'UTF-8' encoding to copy filtered resources.
2023-02-16 20:27:18,443 [Worker-51: Building] INFO  o.e.m.c.i.embedder.EclipseLogger - skip non existing resourceDirectory C:\Users\USER\Documents\TRABAJO_JULIO_MUNOZ\EAP_ITCON_2\central-server\central\CentralUsuarios\src\test\resources
2023-02-16 20:27:22,156 [Worker-51: Building] INFO  o.e.m.c.i.embedder.EclipseLogger - Using 'UTF-8' encoding to copy filtered resources.
2023-02-16 20:27:22,157 [Worker-51: Building] INFO  o.e.m.c.i.embedder.EclipseLogger - Copying 2 resources
2023-02-16 20:27:22,159 [Worker-51: Building] INFO  o.e.m.c.i.embedder.EclipseLogger - Copying 4 resources
2023-02-16 20:27:22,161 [Worker-51: Building] INFO  o.e.m.c.i.embedder.EclipseLogger - Using 'UTF-8' encoding to copy filtered resources.
2023-02-16 20:27:22,161 [Worker-51: Building] INFO  o.e.m.c.i.embedder.EclipseLogger - skip non existing resourceDirectory C:\Users\USER\Documents\TRABAJO_JULIO_MUNOZ\EAP_ITCON_2\central-server\central\CentralUsuarios\src\test\resources
2023-02-16 20:29:31,748 [Worker-50: Building] INFO  o.e.m.c.i.embedder.EclipseLogger - Using 'UTF-8' encoding to copy filtered resources.
2023-02-16 20:29:31,749 [Worker-50: Building] INFO  o.e.m.c.i.embedder.EclipseLogger - Copying 2 resources
2023-02-16 20:29:31,751 [Worker-50: Building] INFO  o.e.m.c.i.embedder.EclipseLogger - Copying 4 resources
2023-02-16 20:29:31,754 [Worker-50: Building] INFO  o.e.m.c.i.embedder.EclipseLogger - Using 'UTF-8' encoding to copy filtered resources.
2023-02-16 20:29:31,754 [Worker-50: Building] INFO  o.e.m.c.i.embedder.EclipseLogger - skip non existing resourceDirectory C:\Users\USER\Documents\TRABAJO_JULIO_MUNOZ\EAP_ITCON_2\central-server\central\CentralUsuarios\src\test\resources
2023-02-16 20:29:32,936 [Worker-48: Building] INFO  o.e.m.c.i.embedder.EclipseLogger - Using 'UTF-8' encoding to copy filtered resources.
2023-02-16 20:29:32,937 [Worker-48: Building] INFO  o.e.m.c.i.embedder.EclipseLogger - Copying 2 resources
2023-02-16 20:29:32,940 [Worker-48: Building] INFO  o.e.m.c.i.embedder.EclipseLogger - Copying 4 resources
2023-02-16 20:29:32,941 [Worker-48: Building] INFO  o.e.m.c.i.embedder.EclipseLogger - Using 'UTF-8' encoding to copy filtered resources.
2023-02-16 20:29:32,941 [Worker-48: Building] INFO  o.e.m.c.i.embedder.EclipseLogger - skip non existing resourceDirectory C:\Users\USER\Documents\TRABAJO_JULIO_MUNOZ\EAP_ITCON_2\central-server\central\CentralUsuarios\src\test\resources
2023-02-17 07:10:02,998 [Worker-6: Loading available Gradle versions] INFO  o.e.b.c.i.u.g.PublishedGradleVersions - Gradle version information cache is up-to-date. Trying to read.
2023-02-17 07:13:52,171 [Worker-8: Building] INFO  o.e.m.c.i.embedder.EclipseLogger - Using 'UTF-8' encoding to copy filtered resources.
2023-02-17 07:13:52,173 [Worker-8: Building] INFO  o.e.m.c.i.embedder.EclipseLogger - Copying 2 resources
2023-02-17 07:13:52,182 [Worker-8: Building] INFO  o.e.m.c.i.embedder.EclipseLogger - Copying 4 resources
2023-02-17 07:13:52,185 [Worker-8: Building] INFO  o.e.m.c.i.embedder.EclipseLogger - Using 'UTF-8' encoding to copy filtered resources.
2023-02-17 07:13:52,185 [Worker-8: Building] INFO  o.e.m.c.i.embedder.EclipseLogger - skip non existing resourceDirectory C:\Users\USER\Documents\TRABAJO_JULIO_MUNOZ\EAP_ITCON_2\central-server\central\CentralUsuarios\src\test\resources
2023-02-17 07:16:01,969 [Worker-17: Building] INFO  o.e.m.c.i.embedder.EclipseLogger - Using 'UTF-8' encoding to copy filtered resources.
2023-02-17 07:16:01,973 [Worker-17: Building] INFO  o.e.m.c.i.embedder.EclipseLogger - Copying 2 resources
2023-02-17 07:16:01,977 [Worker-17: Building] INFO  o.e.m.c.i.embedder.EclipseLogger - Copying 4 resources
2023-02-17 07:16:01,979 [Worker-17: Building] INFO  o.e.m.c.i.embedder.EclipseLogger - Using 'UTF-8' encoding to copy filtered resources.
2023-02-17 07:16:01,979 [Worker-17: Building] INFO  o.e.m.c.i.embedder.EclipseLogger - skip non existing resourceDirectory C:\Users\USER\Documents\TRABAJO_JULIO_MUNOZ\EAP_ITCON_2\central-server\central\CentralUsuarios\src\test\resources
2023-02-17 07:17:33,244 [Worker-8: Building] INFO  o.e.m.c.i.embedder.EclipseLogger - Using 'UTF-8' encoding to copy filtered resources.
2023-02-17 07:17:33,245 [Worker-8: Building] INFO  o.e.m.c.i.embedder.EclipseLogger - Copying 2 resources
2023-02-17 07:17:33,248 [Worker-8: Building] INFO  o.e.m.c.i.embedder.EclipseLogger - Copying 4 resources
2023-02-17 07:17:33,250 [Worker-8: Building] INFO  o.e.m.c.i.embedder.EclipseLogger - Using 'UTF-8' encoding to copy filtered resources.
2023-02-17 07:17:33,250 [Worker-8: Building] INFO  o.e.m.c.i.embedder.EclipseLogger - skip non existing resourceDirectory C:\Users\USER\Documents\TRABAJO_JULIO_MUNOZ\EAP_ITCON_2\central-server\central\CentralUsuarios\src\test\resources
2023-02-17 07:30:40,330 [Worker-19: Building] INFO  o.e.m.c.i.embedder.EclipseLogger - Using 'UTF-8' encoding to copy filtered resources.
2023-02-17 07:30:40,337 [Worker-19: Building] INFO  o.e.m.c.i.embedder.EclipseLogger - Copying 0 resource
2023-02-17 07:30:40,338 [Worker-19: Building] INFO  o.e.m.c.i.embedder.EclipseLogger - Copying 1 resource
2023-02-17 07:30:40,342 [Worker-19: Building] INFO  o.e.m.c.i.embedder.EclipseLogger - Using 'UTF-8' encoding to copy filtered resources.
2023-02-17 07:30:40,342 [Worker-19: Building] INFO  o.e.m.c.i.embedder.EclipseLogger - skip non existing resourceDirectory C:\Users\USER\Documents\TRABAJO_JULIO_MUNOZ\EAP_ITCON_2\central-server\central\CentralUsuarios\src\test\resources
2023-02-17 07:30:51,098 [Worker-18: Building] INFO  o.e.m.c.i.embedder.EclipseLogger - Using 'UTF-8' encoding to copy filtered resources.
2023-02-17 07:30:51,099 [Worker-18: Building] INFO  o.e.m.c.i.embedder.EclipseLogger - Copying 2 resources
2023-02-17 07:30:51,111 [Worker-18: Building] INFO  o.e.m.c.i.embedder.EclipseLogger - Copying 4 resources
2023-02-17 07:30:51,113 [Worker-18: Building] INFO  o.e.m.c.i.embedder.EclipseLogger - Using 'UTF-8' encoding to copy filtered resources.
2023-02-17 07:30:51,113 [Worker-18: Building] INFO  o.e.m.c.i.embedder.EclipseLogger - skip non existing resourceDirectory C:\Users\USER\Documents\TRABAJO_JULIO_MUNOZ\EAP_ITCON_2\central-server\central\CentralUsuarios\src\test\resources
2023-02-17 07:32:49,041 [Worker-18: Building] INFO  o.e.m.c.i.embedder.EclipseLogger - Using 'UTF-8' encoding to copy filtered resources.
2023-02-17 07:32:49,043 [Worker-18: Building] INFO  o.e.m.c.i.embedder.EclipseLogger - Copying 2 resources
2023-02-17 07:32:49,051 [Worker-18: Building] INFO  o.e.m.c.i.embedder.EclipseLogger - Copying 4 resources
2023-02-17 07:32:49,052 [Worker-18: Building] INFO  o.e.m.c.i.embedder.EclipseLogger - Using 'UTF-8' encoding to copy filtered resources.
2023-02-17 07:32:49,053 [Worker-18: Building] INFO  o.e.m.c.i.embedder.EclipseLogger - skip non existing resourceDirectory C:\Users\USER\Documents\TRABAJO_JULIO_MUNOZ\EAP_ITCON_2\central-server\central\CentralUsuarios\src\test\resources
2023-02-17 07:37:15,108 [Worker-16: Building] INFO  o.e.m.c.i.embedder.EclipseLogger - Using 'UTF-8' encoding to copy filtered resources.
2023-02-17 07:37:15,109 [Worker-16: Building] INFO  o.e.m.c.i.embedder.EclipseLogger - Copying 2 resources
2023-02-17 07:37:15,111 [Worker-16: Building] INFO  o.e.m.c.i.embedder.EclipseLogger - Copying 4 resources
2023-02-17 07:37:15,113 [Worker-16: Building] INFO  o.e.m.c.i.embedder.EclipseLogger - Using 'UTF-8' encoding to copy filtered resources.
2023-02-17 07:37:15,113 [Worker-16: Building] INFO  o.e.m.c.i.embedder.EclipseLogger - skip non existing resourceDirectory C:\Users\USER\Documents\TRABAJO_JULIO_MUNOZ\EAP_ITCON_2\central-server\central\CentralUsuarios\src\test\resources
2023-02-17 07:37:29,970 [Worker-18: Building] INFO  o.e.m.c.i.embedder.EclipseLogger - Using 'UTF-8' encoding to copy filtered resources.
2023-02-17 07:37:29,971 [Worker-18: Building] INFO  o.e.m.c.i.embedder.EclipseLogger - Copying 2 resources
2023-02-17 07:37:29,973 [Worker-18: Building] INFO  o.e.m.c.i.embedder.EclipseLogger - Copying 4 resources
2023-02-17 07:37:29,976 [Worker-18: Building] INFO  o.e.m.c.i.embedder.EclipseLogger - Using 'UTF-8' encoding to copy filtered resources.
2023-02-17 07:37:29,976 [Worker-18: Building] INFO  o.e.m.c.i.embedder.EclipseLogger - skip non existing resourceDirectory C:\Users\USER\Documents\TRABAJO_JULIO_MUNOZ\EAP_ITCON_2\central-server\central\CentralUsuarios\src\test\resources
2023-02-17 07:37:59,797 [Worker-19: Building] INFO  o.e.m.c.i.embedder.EclipseLogger - Using 'UTF-8' encoding to copy filtered resources.
2023-02-17 07:37:59,798 [Worker-19: Building] INFO  o.e.m.c.i.embedder.EclipseLogger - Copying 2 resources
2023-02-17 07:37:59,800 [Worker-19: Building] INFO  o.e.m.c.i.embedder.EclipseLogger - Copying 4 resources
2023-02-17 07:37:59,802 [Worker-19: Building] INFO  o.e.m.c.i.embedder.EclipseLogger - Using 'UTF-8' encoding to copy filtered resources.
2023-02-17 07:37:59,802 [Worker-19: Building] INFO  o.e.m.c.i.embedder.EclipseLogger - skip non existing resourceDirectory C:\Users\USER\Documents\TRABAJO_JULIO_MUNOZ\EAP_ITCON_2\central-server\central\CentralUsuarios\src\test\resources
2023-02-17 07:49:10,641 [Worker-23: Building] INFO  o.e.m.c.i.embedder.EclipseLogger - Using 'UTF-8' encoding to copy filtered resources.
2023-02-17 07:49:10,642 [Worker-23: Building] INFO  o.e.m.c.i.embedder.EclipseLogger - Copying 2 resources
2023-02-17 07:49:10,644 [Worker-23: Building] INFO  o.e.m.c.i.embedder.EclipseLogger - Copying 4 resources
2023-02-17 07:49:10,645 [Worker-23: Building] INFO  o.e.m.c.i.embedder.EclipseLogger - Using 'UTF-8' encoding to copy filtered resources.
2023-02-17 07:49:10,646 [Worker-23: Building] INFO  o.e.m.c.i.embedder.EclipseLogger - skip non existing resourceDirectory C:\Users\USER\Documents\TRABAJO_JULIO_MUNOZ\EAP_ITCON_2\central-server\central\CentralUsuarios\src\test\resources
2023-02-17 07:49:13,867 [Worker-25: Building] INFO  o.e.m.c.i.embedder.EclipseLogger - Using 'UTF-8' encoding to copy filtered resources.
2023-02-17 07:49:13,868 [Worker-25: Building] INFO  o.e.m.c.i.embedder.EclipseLogger - Copying 2 resources
2023-02-17 07:49:13,870 [Worker-25: Building] INFO  o.e.m.c.i.embedder.EclipseLogger - Copying 4 resources
2023-02-17 07:49:13,872 [Worker-25: Building] INFO  o.e.m.c.i.embedder.EclipseLogger - Using 'UTF-8' encoding to copy filtered resources.
2023-02-17 07:49:13,872 [Worker-25: Building] INFO  o.e.m.c.i.embedder.EclipseLogger - skip non existing resourceDirectory C:\Users\USER\Documents\TRABAJO_JULIO_MUNOZ\EAP_ITCON_2\central-server\central\CentralUsuarios\src\test\resources
2023-02-17 07:50:43,347 [Worker-26: Building] INFO  o.e.m.c.i.embedder.EclipseLogger - Using 'UTF-8' encoding to copy filtered resources.
2023-02-17 07:50:43,348 [Worker-26: Building] INFO  o.e.m.c.i.embedder.EclipseLogger - Copying 2 resources
2023-02-17 07:50:43,350 [Worker-26: Building] INFO  o.e.m.c.i.embedder.EclipseLogger - Copying 4 resources
2023-02-17 07:50:43,351 [Worker-26: Building] INFO  o.e.m.c.i.embedder.EclipseLogger - Using 'UTF-8' encoding to copy filtered resources.
2023-02-17 07:50:43,352 [Worker-26: Building] INFO  o.e.m.c.i.embedder.EclipseLogger - skip non existing resourceDirectory C:\Users\USER\Documents\TRABAJO_JULIO_MUNOZ\EAP_ITCON_2\central-server\central\CentralUsuarios\src\test\resources
2023-02-17 07:50:53,874 [Worker-29: Building] INFO  o.e.m.c.i.embedder.EclipseLogger - Using 'UTF-8' encoding to copy filtered resources.
2023-02-17 07:50:53,882 [Worker-29: Building] INFO  o.e.m.c.i.embedder.EclipseLogger - Copying 2 resources
2023-02-17 07:50:53,884 [Worker-29: Building] INFO  o.e.m.c.i.embedder.EclipseLogger - Copying 4 resources
2023-02-17 07:50:53,886 [Worker-29: Building] INFO  o.e.m.c.i.embedder.EclipseLogger - Using 'UTF-8' encoding to copy filtered resources.
2023-02-17 07:50:53,886 [Worker-29: Building] INFO  o.e.m.c.i.embedder.EclipseLogger - skip non existing resourceDirectory C:\Users\USER\Documents\TRABAJO_JULIO_MUNOZ\EAP_ITCON_2\central-server\central\CentralUsuarios\src\test\resources
2023-02-17 07:51:22,269 [Worker-29: Building] INFO  o.e.m.c.i.embedder.EclipseLogger - Using 'UTF-8' encoding to copy filtered resources.
2023-02-17 07:51:22,270 [Worker-29: Building] INFO  o.e.m.c.i.embedder.EclipseLogger - Copying 2 resources
2023-02-17 07:51:22,272 [Worker-29: Building] INFO  o.e.m.c.i.embedder.EclipseLogger - Copying 4 resources
2023-02-17 07:51:22,273 [Worker-29: Building] INFO  o.e.m.c.i.embedder.EclipseLogger - Using 'UTF-8' encoding to copy filtered resources.
2023-02-17 07:51:22,273 [Worker-29: Building] INFO  o.e.m.c.i.embedder.EclipseLogger - skip non existing resourceDirectory C:\Users\USER\Documents\TRABAJO_JULIO_MUNOZ\EAP_ITCON_2\central-server\central\CentralUsuarios\src\test\resources
2023-02-17 08:11:56,623 [Worker-32: Building] INFO  o.e.m.c.i.embedder.EclipseLogger - Using 'UTF-8' encoding to copy filtered resources.
2023-02-17 08:11:56,624 [Worker-32: Building] INFO  o.e.m.c.i.embedder.EclipseLogger - Copying 2 resources
2023-02-17 08:11:56,627 [Worker-32: Building] INFO  o.e.m.c.i.embedder.EclipseLogger - Copying 4 resources
2023-02-17 08:11:56,629 [Worker-32: Building] INFO  o.e.m.c.i.embedder.EclipseLogger - Using 'UTF-8' encoding to copy filtered resources.
2023-02-17 08:11:56,629 [Worker-32: Building] INFO  o.e.m.c.i.embedder.EclipseLogger - skip non existing resourceDirectory C:\Users\USER\Documents\TRABAJO_JULIO_MUNOZ\EAP_ITCON_2\central-server\central\CentralUsuarios\src\test\resources
2023-02-17 08:14:00,309 [Worker-32: Building] INFO  o.e.m.c.i.embedder.EclipseLogger - Using 'UTF-8' encoding to copy filtered resources.
2023-02-17 08:14:00,310 [Worker-32: Building] INFO  o.e.m.c.i.embedder.EclipseLogger - Copying 2 resources
2023-02-17 08:14:00,312 [Worker-32: Building] INFO  o.e.m.c.i.embedder.EclipseLogger - Copying 4 resources
2023-02-17 08:14:00,314 [Worker-32: Building] INFO  o.e.m.c.i.embedder.EclipseLogger - Using 'UTF-8' encoding to copy filtered resources.
2023-02-17 08:14:00,314 [Worker-32: Building] INFO  o.e.m.c.i.embedder.EclipseLogger - skip non existing resourceDirectory C:\Users\USER\Documents\TRABAJO_JULIO_MUNOZ\EAP_ITCON_2\central-server\central\CentralUsuarios\src\test\resources
2023-02-17 08:14:15,473 [Worker-32: Building] INFO  o.e.m.c.i.embedder.EclipseLogger - Using 'UTF-8' encoding to copy filtered resources.
2023-02-17 08:14:15,474 [Worker-32: Building] INFO  o.e.m.c.i.embedder.EclipseLogger - Copying 2 resources
2023-02-17 08:14:15,476 [Worker-32: Building] INFO  o.e.m.c.i.embedder.EclipseLogger - Copying 4 resources
2023-02-17 08:14:15,477 [Worker-32: Building] INFO  o.e.m.c.i.embedder.EclipseLogger - Using 'UTF-8' encoding to copy filtered resources.
2023-02-17 08:14:15,477 [Worker-32: Building] INFO  o.e.m.c.i.embedder.EclipseLogger - skip non existing resourceDirectory C:\Users\USER\Documents\TRABAJO_JULIO_MUNOZ\EAP_ITCON_2\central-server\central\CentralUsuarios\src\test\resources
2023-02-17 08:14:52,821 [Worker-24: Building] INFO  o.e.m.c.i.embedder.EclipseLogger - Using 'UTF-8' encoding to copy filtered resources.
2023-02-17 08:14:52,822 [Worker-24: Building] INFO  o.e.m.c.i.embedder.EclipseLogger - Copying 2 resources
2023-02-17 08:14:52,824 [Worker-24: Building] INFO  o.e.m.c.i.embedder.EclipseLogger - Copying 4 resources
2023-02-17 08:14:52,826 [Worker-24: Building] INFO  o.e.m.c.i.embedder.EclipseLogger - Using 'UTF-8' encoding to copy filtered resources.
2023-02-17 08:14:52,826 [Worker-24: Building] INFO  o.e.m.c.i.embedder.EclipseLogger - skip non existing resourceDirectory C:\Users\USER\Documents\TRABAJO_JULIO_MUNOZ\EAP_ITCON_2\central-server\central\CentralUsuarios\src\test\resources
2023-02-17 08:18:18,249 [Worker-37: Building Workspace] INFO  o.e.m.c.i.embedder.EclipseLogger - Using 'UTF-8' encoding to copy filtered resources.
2023-02-17 08:18:18,250 [Worker-37: Building Workspace] INFO  o.e.m.c.i.embedder.EclipseLogger - Copying 2 resources
2023-02-17 08:18:18,252 [Worker-37: Building Workspace] INFO  o.e.m.c.i.embedder.EclipseLogger - Copying 4 resources
2023-02-17 08:18:18,254 [Worker-37: Building Workspace] INFO  o.e.m.c.i.embedder.EclipseLogger - Using 'UTF-8' encoding to copy filtered resources.
2023-02-17 08:18:18,254 [Worker-37: Building Workspace] INFO  o.e.m.c.i.embedder.EclipseLogger - skip non existing resourceDirectory C:\Users\USER\Documents\TRABAJO_JULIO_MUNOZ\EAP_ITCON_2\central-server\central\CentralUsuarios\src\test\resources
2023-02-17 08:21:45,549 [Worker-37: Building] INFO  o.e.m.c.i.embedder.EclipseLogger - Using 'UTF-8' encoding to copy filtered resources.
2023-02-17 08:21:45,550 [Worker-37: Building] INFO  o.e.m.c.i.embedder.EclipseLogger - Copying 2 resources
2023-02-17 08:21:45,552 [Worker-37: Building] INFO  o.e.m.c.i.embedder.EclipseLogger - Copying 4 resources
2023-02-17 08:21:45,554 [Worker-37: Building] INFO  o.e.m.c.i.embedder.EclipseLogger - Using 'UTF-8' encoding to copy filtered resources.
2023-02-17 08:21:45,554 [Worker-37: Building] INFO  o.e.m.c.i.embedder.EclipseLogger - skip non existing resourceDirectory C:\Users\USER\Documents\TRABAJO_JULIO_MUNOZ\EAP_ITCON_2\central-server\central\CentralUsuarios\src\test\resources
2023-02-17 08:22:27,933 [Worker-37: Building] INFO  o.e.m.c.i.embedder.EclipseLogger - Using 'UTF-8' encoding to copy filtered resources.
2023-02-17 08:22:27,934 [Worker-37: Building] INFO  o.e.m.c.i.embedder.EclipseLogger - Copying 2 resources
2023-02-17 08:22:27,936 [Worker-37: Building] INFO  o.e.m.c.i.embedder.EclipseLogger - Copying 4 resources
2023-02-17 08:22:27,938 [Worker-37: Building] INFO  o.e.m.c.i.embedder.EclipseLogger - Using 'UTF-8' encoding to copy filtered resources.
2023-02-17 08:22:27,938 [Worker-37: Building] INFO  o.e.m.c.i.embedder.EclipseLogger - skip non existing resourceDirectory C:\Users\USER\Documents\TRABAJO_JULIO_MUNOZ\EAP_ITCON_2\central-server\central\CentralUsuarios\src\test\resources
2023-02-17 08:22:34,767 [Worker-38: Building] INFO  o.e.m.c.i.embedder.EclipseLogger - Using 'UTF-8' encoding to copy filtered resources.
2023-02-17 08:22:34,768 [Worker-38: Building] INFO  o.e.m.c.i.embedder.EclipseLogger - Copying 2 resources
2023-02-17 08:22:34,770 [Worker-38: Building] INFO  o.e.m.c.i.embedder.EclipseLogger - Copying 4 resources
2023-02-17 08:22:34,771 [Worker-38: Building] INFO  o.e.m.c.i.embedder.EclipseLogger - Using 'UTF-8' encoding to copy filtered resources.
2023-02-17 08:22:34,771 [Worker-38: Building] INFO  o.e.m.c.i.embedder.EclipseLogger - skip non existing resourceDirectory C:\Users\USER\Documents\TRABAJO_JULIO_MUNOZ\EAP_ITCON_2\central-server\central\CentralUsuarios\src\test\resources
2023-02-17 08:22:36,915 [Worker-32: Building] INFO  o.e.m.c.i.embedder.EclipseLogger - Using 'UTF-8' encoding to copy filtered resources.
2023-02-17 08:22:36,916 [Worker-32: Building] INFO  o.e.m.c.i.embedder.EclipseLogger - Copying 2 resources
2023-02-17 08:22:36,918 [Worker-32: Building] INFO  o.e.m.c.i.embedder.EclipseLogger - Copying 4 resources
2023-02-17 08:22:36,919 [Worker-32: Building] INFO  o.e.m.c.i.embedder.EclipseLogger - Using 'UTF-8' encoding to copy filtered resources.
2023-02-17 08:22:36,919 [Worker-32: Building] INFO  o.e.m.c.i.embedder.EclipseLogger - skip non existing resourceDirectory C:\Users\USER\Documents\TRABAJO_JULIO_MUNOZ\EAP_ITCON_2\central-server\central\CentralUsuarios\src\test\resources
2023-02-17 08:28:03,313 [Worker-40: Building] INFO  o.e.m.c.i.embedder.EclipseLogger - Using 'UTF-8' encoding to copy filtered resources.
2023-02-17 08:28:03,314 [Worker-40: Building] INFO  o.e.m.c.i.embedder.EclipseLogger - Copying 2 resources
2023-02-17 08:28:03,315 [Worker-40: Building] INFO  o.e.m.c.i.embedder.EclipseLogger - Copying 4 resources
2023-02-17 08:28:03,317 [Worker-40: Building] INFO  o.e.m.c.i.embedder.EclipseLogger - Using 'UTF-8' encoding to copy filtered resources.
2023-02-17 08:28:03,317 [Worker-40: Building] INFO  o.e.m.c.i.embedder.EclipseLogger - skip non existing resourceDirectory C:\Users\USER\Documents\TRABAJO_JULIO_MUNOZ\EAP_ITCON_2\central-server\central\CentralUsuarios\src\test\resources
2023-02-17 08:28:10,069 [Worker-41: Building] INFO  o.e.m.c.i.embedder.EclipseLogger - Using 'UTF-8' encoding to copy filtered resources.
2023-02-17 08:28:10,070 [Worker-41: Building] INFO  o.e.m.c.i.embedder.EclipseLogger - Copying 2 resources
2023-02-17 08:28:10,072 [Worker-41: Building] INFO  o.e.m.c.i.embedder.EclipseLogger - Copying 4 resources
2023-02-17 08:28:10,073 [Worker-41: Building] INFO  o.e.m.c.i.embedder.EclipseLogger - Using 'UTF-8' encoding to copy filtered resources.
2023-02-17 08:28:10,073 [Worker-41: Building] INFO  o.e.m.c.i.embedder.EclipseLogger - skip non existing resourceDirectory C:\Users\USER\Documents\TRABAJO_JULIO_MUNOZ\EAP_ITCON_2\central-server\central\CentralUsuarios\src\test\resources
2023-02-17 08:28:14,031 [Worker-41: Building] INFO  o.e.m.c.i.embedder.EclipseLogger - Using 'UTF-8' encoding to copy filtered resources.
2023-02-17 08:28:14,032 [Worker-41: Building] INFO  o.e.m.c.i.embedder.EclipseLogger - Copying 2 resources
2023-02-17 08:28:14,034 [Worker-41: Building] INFO  o.e.m.c.i.embedder.EclipseLogger - Copying 4 resources
2023-02-17 08:28:14,035 [Worker-41: Building] INFO  o.e.m.c.i.embedder.EclipseLogger - Using 'UTF-8' encoding to copy filtered resources.
2023-02-17 08:28:14,035 [Worker-41: Building] INFO  o.e.m.c.i.embedder.EclipseLogger - skip non existing resourceDirectory C:\Users\USER\Documents\TRABAJO_JULIO_MUNOZ\EAP_ITCON_2\central-server\central\CentralUsuarios\src\test\resources
2023-02-17 09:06:11,598 [Worker-45: Building] INFO  o.e.m.c.i.embedder.EclipseLogger - Using 'UTF-8' encoding to copy filtered resources.
2023-02-17 09:06:11,599 [Worker-45: Building] INFO  o.e.m.c.i.embedder.EclipseLogger - Copying 2 resources
2023-02-17 09:06:11,600 [Worker-45: Building] INFO  o.e.m.c.i.embedder.EclipseLogger - Copying 4 resources
2023-02-17 09:06:11,602 [Worker-45: Building] INFO  o.e.m.c.i.embedder.EclipseLogger - Using 'UTF-8' encoding to copy filtered resources.
2023-02-17 09:06:11,602 [Worker-45: Building] INFO  o.e.m.c.i.embedder.EclipseLogger - skip non existing resourceDirectory C:\Users\USER\Documents\TRABAJO_JULIO_MUNOZ\EAP_ITCON_2\central-server\central\CentralUsuarios\src\test\resources
2023-02-17 09:06:30,421 [Worker-47: Building] INFO  o.e.m.c.i.embedder.EclipseLogger - Using 'UTF-8' encoding to copy filtered resources.
2023-02-17 09:06:30,422 [Worker-47: Building] INFO  o.e.m.c.i.embedder.EclipseLogger - Copying 2 resources
2023-02-17 09:06:30,423 [Worker-47: Building] INFO  o.e.m.c.i.embedder.EclipseLogger - Copying 4 resources
2023-02-17 09:06:30,425 [Worker-47: Building] INFO  o.e.m.c.i.embedder.EclipseLogger - Using 'UTF-8' encoding to copy filtered resources.
2023-02-17 09:06:30,425 [Worker-47: Building] INFO  o.e.m.c.i.embedder.EclipseLogger - skip non existing resourceDirectory C:\Users\USER\Documents\TRABAJO_JULIO_MUNOZ\EAP_ITCON_2\central-server\central\CentralUsuarios\src\test\resources
2023-02-17 09:06:41,465 [Worker-45: Building] INFO  o.e.m.c.i.embedder.EclipseLogger - Using 'UTF-8' encoding to copy filtered resources.
2023-02-17 09:06:41,466 [Worker-45: Building] INFO  o.e.m.c.i.embedder.EclipseLogger - Copying 2 resources
2023-02-17 09:06:41,468 [Worker-45: Building] INFO  o.e.m.c.i.embedder.EclipseLogger - Copying 4 resources
2023-02-17 09:06:41,469 [Worker-45: Building] INFO  o.e.m.c.i.embedder.EclipseLogger - Using 'UTF-8' encoding to copy filtered resources.
2023-02-17 09:06:41,469 [Worker-45: Building] INFO  o.e.m.c.i.embedder.EclipseLogger - skip non existing resourceDirectory C:\Users\USER\Documents\TRABAJO_JULIO_MUNOZ\EAP_ITCON_2\central-server\central\CentralUsuarios\src\test\resources
2023-02-17 09:12:30,721 [Worker-53: Building] INFO  o.e.m.c.i.embedder.EclipseLogger - Using 'UTF-8' encoding to copy filtered resources.
2023-02-17 09:12:30,722 [Worker-53: Building] INFO  o.e.m.c.i.embedder.EclipseLogger - Copying 2 resources
2023-02-17 09:12:30,724 [Worker-53: Building] INFO  o.e.m.c.i.embedder.EclipseLogger - Copying 4 resources
2023-02-17 09:12:30,726 [Worker-53: Building] INFO  o.e.m.c.i.embedder.EclipseLogger - Using 'UTF-8' encoding to copy filtered resources.
2023-02-17 09:12:30,726 [Worker-53: Building] INFO  o.e.m.c.i.embedder.EclipseLogger - skip non existing resourceDirectory C:\Users\USER\Documents\TRABAJO_JULIO_MUNOZ\EAP_ITCON_2\central-server\central\CentralUsuarios\src\test\resources
2023-02-17 09:15:54,955 [Worker-51: Building] INFO  o.e.m.c.i.embedder.EclipseLogger - Using 'UTF-8' encoding to copy filtered resources.
2023-02-17 09:15:54,956 [Worker-51: Building] INFO  o.e.m.c.i.embedder.EclipseLogger - Copying 2 resources
2023-02-17 09:15:54,958 [Worker-51: Building] INFO  o.e.m.c.i.embedder.EclipseLogger - Copying 4 resources
2023-02-17 09:15:54,960 [Worker-51: Building] INFO  o.e.m.c.i.embedder.EclipseLogger - Using 'UTF-8' encoding to copy filtered resources.
2023-02-17 09:15:54,960 [Worker-51: Building] INFO  o.e.m.c.i.embedder.EclipseLogger - skip non existing resourceDirectory C:\Users\USER\Documents\TRABAJO_JULIO_MUNOZ\EAP_ITCON_2\central-server\central\CentralUsuarios\src\test\resources
2023-02-17 09:19:56,671 [Worker-57: Building] INFO  o.e.m.c.i.embedder.EclipseLogger - Using 'UTF-8' encoding to copy filtered resources.
2023-02-17 09:19:56,672 [Worker-57: Building] INFO  o.e.m.c.i.embedder.EclipseLogger - Copying 2 resources
2023-02-17 09:19:56,674 [Worker-57: Building] INFO  o.e.m.c.i.embedder.EclipseLogger - Copying 4 resources
2023-02-17 09:19:56,676 [Worker-57: Building] INFO  o.e.m.c.i.embedder.EclipseLogger - Using 'UTF-8' encoding to copy filtered resources.
2023-02-17 09:19:56,676 [Worker-57: Building] INFO  o.e.m.c.i.embedder.EclipseLogger - skip non existing resourceDirectory C:\Users\USER\Documents\TRABAJO_JULIO_MUNOZ\EAP_ITCON_2\central-server\central\CentralUsuarios\src\test\resources
2023-02-17 09:21:10,362 [Worker-61: Building] INFO  o.e.m.c.i.embedder.EclipseLogger - Using 'UTF-8' encoding to copy filtered resources.
2023-02-17 09:21:10,363 [Worker-61: Building] INFO  o.e.m.c.i.embedder.EclipseLogger - Copying 2 resources
2023-02-17 09:21:10,364 [Worker-61: Building] INFO  o.e.m.c.i.embedder.EclipseLogger - Copying 4 resources
2023-02-17 09:21:10,366 [Worker-61: Building] INFO  o.e.m.c.i.embedder.EclipseLogger - Using 'UTF-8' encoding to copy filtered resources.
2023-02-17 09:21:10,366 [Worker-61: Building] INFO  o.e.m.c.i.embedder.EclipseLogger - skip non existing resourceDirectory C:\Users\USER\Documents\TRABAJO_JULIO_MUNOZ\EAP_ITCON_2\central-server\central\CentralUsuarios\src\test\resources
2023-02-17 09:30:38,073 [Worker-74: Building] INFO  o.e.m.c.i.embedder.EclipseLogger - Using 'UTF-8' encoding to copy filtered resources.
2023-02-17 09:30:38,074 [Worker-74: Building] INFO  o.e.m.c.i.embedder.EclipseLogger - Copying 2 resources
2023-02-17 09:30:38,075 [Worker-74: Building] INFO  o.e.m.c.i.embedder.EclipseLogger - Copying 4 resources
2023-02-17 09:30:38,077 [Worker-74: Building] INFO  o.e.m.c.i.embedder.EclipseLogger - Using 'UTF-8' encoding to copy filtered resources.
2023-02-17 09:30:38,077 [Worker-74: Building] INFO  o.e.m.c.i.embedder.EclipseLogger - skip non existing resourceDirectory C:\Users\USER\Documents\TRABAJO_JULIO_MUNOZ\EAP_ITCON_2\central-server\central\CentralUsuarios\src\test\resources
2023-02-17 09:31:10,548 [Worker-74: Building] INFO  o.e.m.c.i.embedder.EclipseLogger - Using 'UTF-8' encoding to copy filtered resources.
2023-02-17 09:31:10,549 [Worker-74: Building] INFO  o.e.m.c.i.embedder.EclipseLogger - Copying 2 resources
2023-02-17 09:31:10,552 [Worker-74: Building] INFO  o.e.m.c.i.embedder.EclipseLogger - Copying 4 resources
2023-02-17 09:31:10,553 [Worker-74: Building] INFO  o.e.m.c.i.embedder.EclipseLogger - Using 'UTF-8' encoding to copy filtered resources.
2023-02-17 09:31:10,553 [Worker-74: Building] INFO  o.e.m.c.i.embedder.EclipseLogger - skip non existing resourceDirectory C:\Users\USER\Documents\TRABAJO_JULIO_MUNOZ\EAP_ITCON_2\central-server\central\CentralUsuarios\src\test\resources
2023-02-17 09:35:01,759 [Worker-75: Building] INFO  o.e.m.c.i.embedder.EclipseLogger - Using 'UTF-8' encoding to copy filtered resources.
2023-02-17 09:35:01,760 [Worker-75: Building] INFO  o.e.m.c.i.embedder.EclipseLogger - Copying 2 resources
2023-02-17 09:35:01,762 [Worker-75: Building] INFO  o.e.m.c.i.embedder.EclipseLogger - Copying 4 resources
2023-02-17 09:35:01,763 [Worker-75: Building] INFO  o.e.m.c.i.embedder.EclipseLogger - Using 'UTF-8' encoding to copy filtered resources.
2023-02-17 09:35:01,763 [Worker-75: Building] INFO  o.e.m.c.i.embedder.EclipseLogger - skip non existing resourceDirectory C:\Users\USER\Documents\TRABAJO_JULIO_MUNOZ\EAP_ITCON_2\central-server\central\CentralUsuarios\src\test\resources
2023-02-17 09:37:09,667 [Worker-78: Building] INFO  o.e.m.c.i.embedder.EclipseLogger - Using 'UTF-8' encoding to copy filtered resources.
2023-02-17 09:37:09,668 [Worker-78: Building] INFO  o.e.m.c.i.embedder.EclipseLogger - Copying 2 resources
2023-02-17 09:37:09,670 [Worker-78: Building] INFO  o.e.m.c.i.embedder.EclipseLogger - Copying 4 resources
2023-02-17 09:37:09,672 [Worker-78: Building] INFO  o.e.m.c.i.embedder.EclipseLogger - Using 'UTF-8' encoding to copy filtered resources.
2023-02-17 09:37:09,672 [Worker-78: Building] INFO  o.e.m.c.i.embedder.EclipseLogger - skip non existing resourceDirectory C:\Users\USER\Documents\TRABAJO_JULIO_MUNOZ\EAP_ITCON_2\central-server\central\CentralUsuarios\src\test\resources
2023-02-17 09:41:31,690 [Worker-76: Building] INFO  o.e.m.c.i.embedder.EclipseLogger - Using 'UTF-8' encoding to copy filtered resources.
2023-02-17 09:41:31,691 [Worker-76: Building] INFO  o.e.m.c.i.embedder.EclipseLogger - Copying 2 resources
2023-02-17 09:41:31,693 [Worker-76: Building] INFO  o.e.m.c.i.embedder.EclipseLogger - Copying 4 resources
2023-02-17 09:41:31,694 [Worker-76: Building] INFO  o.e.m.c.i.embedder.EclipseLogger - Using 'UTF-8' encoding to copy filtered resources.
2023-02-17 09:41:31,694 [Worker-76: Building] INFO  o.e.m.c.i.embedder.EclipseLogger - skip non existing resourceDirectory C:\Users\USER\Documents\TRABAJO_JULIO_MUNOZ\EAP_ITCON_2\central-server\central\CentralUsuarios\src\test\resources
2023-02-17 09:43:46,578 [Worker-76: Building] INFO  o.e.m.c.i.embedder.EclipseLogger - Using 'UTF-8' encoding to copy filtered resources.
2023-02-17 09:43:46,579 [Worker-76: Building] INFO  o.e.m.c.i.embedder.EclipseLogger - Copying 2 resources
2023-02-17 09:43:46,581 [Worker-76: Building] INFO  o.e.m.c.i.embedder.EclipseLogger - Copying 4 resources
2023-02-17 09:43:46,582 [Worker-76: Building] INFO  o.e.m.c.i.embedder.EclipseLogger - Using 'UTF-8' encoding to copy filtered resources.
2023-02-17 09:43:46,582 [Worker-76: Building] INFO  o.e.m.c.i.embedder.EclipseLogger - skip non existing resourceDirectory C:\Users\USER\Documents\TRABAJO_JULIO_MUNOZ\EAP_ITCON_2\central-server\central\CentralUsuarios\src\test\resources
2023-02-17 09:49:38,481 [Worker-83: Building] INFO  o.e.m.c.i.embedder.EclipseLogger - Using 'UTF-8' encoding to copy filtered resources.
2023-02-17 09:49:38,482 [Worker-83: Building] INFO  o.e.m.c.i.embedder.EclipseLogger - Copying 2 resources
2023-02-17 09:49:38,484 [Worker-83: Building] INFO  o.e.m.c.i.embedder.EclipseLogger - Copying 4 resources
2023-02-17 09:49:38,485 [Worker-83: Building] INFO  o.e.m.c.i.embedder.EclipseLogger - Using 'UTF-8' encoding to copy filtered resources.
2023-02-17 09:49:38,485 [Worker-83: Building] INFO  o.e.m.c.i.embedder.EclipseLogger - skip non existing resourceDirectory C:\Users\USER\Documents\TRABAJO_JULIO_MUNOZ\EAP_ITCON_2\central-server\central\CentralUsuarios\src\test\resources
2023-02-17 09:52:07,725 [Worker-89: Building] INFO  o.e.m.c.i.embedder.EclipseLogger - Using 'UTF-8' encoding to copy filtered resources.
2023-02-17 09:52:07,726 [Worker-89: Building] INFO  o.e.m.c.i.embedder.EclipseLogger - Copying 2 resources
2023-02-17 09:52:07,728 [Worker-89: Building] INFO  o.e.m.c.i.embedder.EclipseLogger - Copying 4 resources
2023-02-17 09:52:07,729 [Worker-89: Building] INFO  o.e.m.c.i.embedder.EclipseLogger - Using 'UTF-8' encoding to copy filtered resources.
2023-02-17 09:52:07,729 [Worker-89: Building] INFO  o.e.m.c.i.embedder.EclipseLogger - skip non existing resourceDirectory C:\Users\USER\Documents\TRABAJO_JULIO_MUNOZ\EAP_ITCON_2\central-server\central\CentralUsuarios\src\test\resources
2023-02-17 09:52:26,653 [Worker-87: Building] INFO  o.e.m.c.i.embedder.EclipseLogger - Using 'UTF-8' encoding to copy filtered resources.
2023-02-17 09:52:26,654 [Worker-87: Building] INFO  o.e.m.c.i.embedder.EclipseLogger - Copying 2 resources
2023-02-17 09:52:26,655 [Worker-87: Building] INFO  o.e.m.c.i.embedder.EclipseLogger - Copying 4 resources
2023-02-17 09:52:26,657 [Worker-87: Building] INFO  o.e.m.c.i.embedder.EclipseLogger - Using 'UTF-8' encoding to copy filtered resources.
2023-02-17 09:52:26,657 [Worker-87: Building] INFO  o.e.m.c.i.embedder.EclipseLogger - skip non existing resourceDirectory C:\Users\USER\Documents\TRABAJO_JULIO_MUNOZ\EAP_ITCON_2\central-server\central\CentralUsuarios\src\test\resources
2023-02-17 09:53:26,908 [Worker-88: Building] INFO  o.e.m.c.i.embedder.EclipseLogger - Using 'UTF-8' encoding to copy filtered resources.
2023-02-17 09:53:26,909 [Worker-88: Building] INFO  o.e.m.c.i.embedder.EclipseLogger - Copying 2 resources
2023-02-17 09:53:26,911 [Worker-88: Building] INFO  o.e.m.c.i.embedder.EclipseLogger - Copying 4 resources
2023-02-17 09:53:26,912 [Worker-88: Building] INFO  o.e.m.c.i.embedder.EclipseLogger - Using 'UTF-8' encoding to copy filtered resources.
2023-02-17 09:53:26,912 [Worker-88: Building] INFO  o.e.m.c.i.embedder.EclipseLogger - skip non existing resourceDirectory C:\Users\USER\Documents\TRABAJO_JULIO_MUNOZ\EAP_ITCON_2\central-server\central\CentralUsuarios\src\test\resources
2023-02-17 09:54:51,575 [Worker-86: Building] INFO  o.e.m.c.i.embedder.EclipseLogger - Using 'UTF-8' encoding to copy filtered resources.
2023-02-17 09:54:51,576 [Worker-86: Building] INFO  o.e.m.c.i.embedder.EclipseLogger - Copying 2 resources
2023-02-17 09:54:51,578 [Worker-86: Building] INFO  o.e.m.c.i.embedder.EclipseLogger - Copying 4 resources
2023-02-17 09:54:51,579 [Worker-86: Building] INFO  o.e.m.c.i.embedder.EclipseLogger - Using 'UTF-8' encoding to copy filtered resources.
2023-02-17 09:54:51,580 [Worker-86: Building] INFO  o.e.m.c.i.embedder.EclipseLogger - skip non existing resourceDirectory C:\Users\USER\Documents\TRABAJO_JULIO_MUNOZ\EAP_ITCON_2\central-server\central\CentralUsuarios\src\test\resources
2023-02-17 09:55:07,813 [Worker-88: Building] INFO  o.e.m.c.i.embedder.EclipseLogger - Using 'UTF-8' encoding to copy filtered resources.
2023-02-17 09:55:07,814 [Worker-88: Building] INFO  o.e.m.c.i.embedder.EclipseLogger - Copying 2 resources
2023-02-17 09:55:07,816 [Worker-88: Building] INFO  o.e.m.c.i.embedder.EclipseLogger - Copying 4 resources
2023-02-17 09:55:07,818 [Worker-88: Building] INFO  o.e.m.c.i.embedder.EclipseLogger - Using 'UTF-8' encoding to copy filtered resources.
2023-02-17 09:55:07,818 [Worker-88: Building] INFO  o.e.m.c.i.embedder.EclipseLogger - skip non existing resourceDirectory C:\Users\USER\Documents\TRABAJO_JULIO_MUNOZ\EAP_ITCON_2\central-server\central\CentralUsuarios\src\test\resources
2023-02-17 09:55:28,208 [Worker-89: Building] INFO  o.e.m.c.i.embedder.EclipseLogger - Using 'UTF-8' encoding to copy filtered resources.
2023-02-17 09:55:28,209 [Worker-89: Building] INFO  o.e.m.c.i.embedder.EclipseLogger - Copying 2 resources
2023-02-17 09:55:28,211 [Worker-89: Building] INFO  o.e.m.c.i.embedder.EclipseLogger - Copying 4 resources
2023-02-17 09:55:28,213 [Worker-89: Building] INFO  o.e.m.c.i.embedder.EclipseLogger - Using 'UTF-8' encoding to copy filtered resources.
2023-02-17 09:55:28,213 [Worker-89: Building] INFO  o.e.m.c.i.embedder.EclipseLogger - skip non existing resourceDirectory C:\Users\USER\Documents\TRABAJO_JULIO_MUNOZ\EAP_ITCON_2\central-server\central\CentralUsuarios\src\test\resources
2023-02-17 09:55:51,567 [Worker-91: Building] INFO  o.e.m.c.i.embedder.EclipseLogger - Using 'UTF-8' encoding to copy filtered resources.
2023-02-17 09:55:51,568 [Worker-91: Building] INFO  o.e.m.c.i.embedder.EclipseLogger - Copying 2 resources
2023-02-17 09:55:51,570 [Worker-91: Building] INFO  o.e.m.c.i.embedder.EclipseLogger - Copying 4 resources
2023-02-17 09:55:51,571 [Worker-91: Building] INFO  o.e.m.c.i.embedder.EclipseLogger - Using 'UTF-8' encoding to copy filtered resources.
2023-02-17 09:55:51,571 [Worker-91: Building] INFO  o.e.m.c.i.embedder.EclipseLogger - skip non existing resourceDirectory C:\Users\USER\Documents\TRABAJO_JULIO_MUNOZ\EAP_ITCON_2\central-server\central\CentralUsuarios\src\test\resources
2023-02-17 10:25:59,779 [Worker-94: Building] INFO  o.e.m.c.i.embedder.EclipseLogger - Using 'UTF-8' encoding to copy filtered resources.
2023-02-17 10:25:59,780 [Worker-94: Building] INFO  o.e.m.c.i.embedder.EclipseLogger - Copying 2 resources
2023-02-17 10:25:59,782 [Worker-94: Building] INFO  o.e.m.c.i.embedder.EclipseLogger - Copying 4 resources
2023-02-17 10:25:59,784 [Worker-94: Building] INFO  o.e.m.c.i.embedder.EclipseLogger - Using 'UTF-8' encoding to copy filtered resources.
2023-02-17 10:25:59,784 [Worker-94: Building] INFO  o.e.m.c.i.embedder.EclipseLogger - skip non existing resourceDirectory C:\Users\USER\Documents\TRABAJO_JULIO_MUNOZ\EAP_ITCON_2\central-server\central\CentralUsuarios\src\test\resources
2023-02-17 10:26:39,112 [Worker-92: Building] INFO  o.e.m.c.i.embedder.EclipseLogger - Using 'UTF-8' encoding to copy filtered resources.
2023-02-17 10:26:39,113 [Worker-92: Building] INFO  o.e.m.c.i.embedder.EclipseLogger - Copying 2 resources
2023-02-17 10:26:39,115 [Worker-92: Building] INFO  o.e.m.c.i.embedder.EclipseLogger - Copying 4 resources
2023-02-17 10:26:39,124 [Worker-92: Building] INFO  o.e.m.c.i.embedder.EclipseLogger - Using 'UTF-8' encoding to copy filtered resources.
2023-02-17 10:26:39,124 [Worker-92: Building] INFO  o.e.m.c.i.embedder.EclipseLogger - skip non existing resourceDirectory C:\Users\USER\Documents\TRABAJO_JULIO_MUNOZ\EAP_ITCON_2\central-server\central\CentralUsuarios\src\test\resources
2023-02-17 10:45:57,304 [Worker-103: Building] INFO  o.e.m.c.i.embedder.EclipseLogger - Using 'UTF-8' encoding to copy filtered resources.
2023-02-17 10:45:57,305 [Worker-103: Building] INFO  o.e.m.c.i.embedder.EclipseLogger - Copying 2 resources
2023-02-17 10:45:57,307 [Worker-103: Building] INFO  o.e.m.c.i.embedder.EclipseLogger - Copying 4 resources
2023-02-17 10:45:57,309 [Worker-103: Building] INFO  o.e.m.c.i.embedder.EclipseLogger - Using 'UTF-8' encoding to copy filtered resources.
2023-02-17 10:45:57,309 [Worker-103: Building] INFO  o.e.m.c.i.embedder.EclipseLogger - skip non existing resourceDirectory C:\Users\USER\Documents\TRABAJO_JULIO_MUNOZ\EAP_ITCON_2\central-server\central\CentralUsuarios\src\test\resources
2023-02-17 10:49:01,136 [Worker-109: Building] INFO  o.e.m.c.i.embedder.EclipseLogger - Using 'UTF-8' encoding to copy filtered resources.
2023-02-17 10:49:01,137 [Worker-109: Building] INFO  o.e.m.c.i.embedder.EclipseLogger - Copying 2 resources
2023-02-17 10:49:01,139 [Worker-109: Building] INFO  o.e.m.c.i.embedder.EclipseLogger - Copying 4 resources
2023-02-17 10:49:01,140 [Worker-109: Building] INFO  o.e.m.c.i.embedder.EclipseLogger - Using 'UTF-8' encoding to copy filtered resources.
2023-02-17 10:49:01,140 [Worker-109: Building] INFO  o.e.m.c.i.embedder.EclipseLogger - skip non existing resourceDirectory C:\Users\USER\Documents\TRABAJO_JULIO_MUNOZ\EAP_ITCON_2\central-server\central\CentralUsuarios\src\test\resources
